[25-Jul-2018 12:23:53 Europe/Berlin] PHP Notice:  Undefined variable: SYS_PLUGINS_DIR in /home/peter/Adathalom/public_html/minicms/plugins/pager/pager.php on line 9
[25-Jul-2018 12:23:53 Europe/Berlin] PHP Warning:  include(/pager/pager.css): failed to open stream: No such file or directory in /home/peter/Adathalom/public_html/minicms/plugins/pager/pager.php on line 9
[25-Jul-2018 12:23:53 Europe/Berlin] PHP Warning:  include(): Failed opening '/pager/pager.css' for inclusion (include_path='.:/usr/share/php') in /home/peter/Adathalom/public_html/minicms/plugins/pager/pager.php on line 9
[25-Jul-2018 12:23:53 Europe/Berlin] PHP Notice:  Undefined variable: SYS_PLUGINS_DIR in /home/peter/Adathalom/public_html/minicms/plugins/pager/pager.php on line 78
[25-Jul-2018 12:23:53 Europe/Berlin] PHP Warning:  include(/pager/pager.js): failed to open stream: No such file or directory in /home/peter/Adathalom/public_html/minicms/plugins/pager/pager.php on line 78
[25-Jul-2018 12:23:53 Europe/Berlin] PHP Warning:  include(): Failed opening '/pager/pager.js' for inclusion (include_path='.:/usr/share/php') in /home/peter/Adathalom/public_html/minicms/plugins/pager/pager.php on line 78
[25-Jul-2018 12:23:54 Europe/Berlin] PHP Notice:  Undefined variable: SYS_PLUGINS_DIR in /home/peter/Adathalom/public_html/minicms/plugins/pager/pager.php on line 9
[25-Jul-2018 12:23:54 Europe/Berlin] PHP Warning:  include(/pager/pager.css): failed to open stream: No such file or directory in /home/peter/Adathalom/public_html/minicms/plugins/pager/pager.php on line 9
[25-Jul-2018 12:23:54 Europe/Berlin] PHP Warning:  include(): Failed opening '/pager/pager.css' for inclusion (include_path='.:/usr/share/php') in /home/peter/Adathalom/public_html/minicms/plugins/pager/pager.php on line 9
[25-Jul-2018 12:23:54 Europe/Berlin] PHP Notice:  Undefined variable: SYS_PLUGINS_DIR in /home/peter/Adathalom/public_html/minicms/plugins/pager/pager.php on line 78
[25-Jul-2018 12:23:54 Europe/Berlin] PHP Warning:  include(/pager/pager.js): failed to open stream: No such file or directory in /home/peter/Adathalom/public_html/minicms/plugins/pager/pager.php on line 78
[25-Jul-2018 12:23:54 Europe/Berlin] PHP Warning:  include(): Failed opening '/pager/pager.js' for inclusion (include_path='.:/usr/share/php') in /home/peter/Adathalom/public_html/minicms/plugins/pager/pager.php on line 78
[25-Jul-2018 12:23:55 Europe/Berlin] PHP Notice:  Undefined variable: SYS_PLUGINS_DIR in /home/peter/Adathalom/public_html/minicms/plugins/pager/pager.php on line 9
[25-Jul-2018 12:23:55 Europe/Berlin] PHP Warning:  include(/pager/pager.css): failed to open stream: No such file or directory in /home/peter/Adathalom/public_html/minicms/plugins/pager/pager.php on line 9
[25-Jul-2018 12:23:55 Europe/Berlin] PHP Warning:  include(): Failed opening '/pager/pager.css' for inclusion (include_path='.:/usr/share/php') in /home/peter/Adathalom/public_html/minicms/plugins/pager/pager.php on line 9
[25-Jul-2018 12:23:55 Europe/Berlin] PHP Notice:  Undefined variable: SYS_PLUGINS_DIR in /home/peter/Adathalom/public_html/minicms/plugins/pager/pager.php on line 78
[25-Jul-2018 12:23:55 Europe/Berlin] PHP Warning:  include(/pager/pager.js): failed to open stream: No such file or directory in /home/peter/Adathalom/public_html/minicms/plugins/pager/pager.php on line 78
[25-Jul-2018 12:23:55 Europe/Berlin] PHP Warning:  include(): Failed opening '/pager/pager.js' for inclusion (include_path='.:/usr/share/php') in /home/peter/Adathalom/public_html/minicms/plugins/pager/pager.php on line 78
[25-Jul-2018 12:23:56 Europe/Berlin] PHP Notice:  Undefined variable: SYS_PLUGINS_DIR in /home/peter/Adathalom/public_html/minicms/plugins/pager/pager.php on line 9
[25-Jul-2018 12:23:56 Europe/Berlin] PHP Warning:  include(/pager/pager.css): failed to open stream: No such file or directory in /home/peter/Adathalom/public_html/minicms/plugins/pager/pager.php on line 9
[25-Jul-2018 12:23:56 Europe/Berlin] PHP Warning:  include(): Failed opening '/pager/pager.css' for inclusion (include_path='.:/usr/share/php') in /home/peter/Adathalom/public_html/minicms/plugins/pager/pager.php on line 9
[25-Jul-2018 12:23:56 Europe/Berlin] PHP Notice:  Undefined variable: SYS_PLUGINS_DIR in /home/peter/Adathalom/public_html/minicms/plugins/pager/pager.php on line 78
[25-Jul-2018 12:23:56 Europe/Berlin] PHP Warning:  include(/pager/pager.js): failed to open stream: No such file or directory in /home/peter/Adathalom/public_html/minicms/plugins/pager/pager.php on line 78
[25-Jul-2018 12:23:56 Europe/Berlin] PHP Warning:  include(): Failed opening '/pager/pager.js' for inclusion (include_path='.:/usr/share/php') in /home/peter/Adathalom/public_html/minicms/plugins/pager/pager.php on line 78
[25-Jul-2018 12:23:59 Europe/Berlin] PHP Notice:  Undefined variable: SYS_PLUGINS_DIR in /home/peter/Adathalom/public_html/minicms/plugins/pager/pager.php on line 9
[25-Jul-2018 12:23:59 Europe/Berlin] PHP Warning:  include(/pager/pager.css): failed to open stream: No such file or directory in /home/peter/Adathalom/public_html/minicms/plugins/pager/pager.php on line 9
[25-Jul-2018 12:23:59 Europe/Berlin] PHP Warning:  include(): Failed opening '/pager/pager.css' for inclusion (include_path='.:/usr/share/php') in /home/peter/Adathalom/public_html/minicms/plugins/pager/pager.php on line 9
[25-Jul-2018 12:23:59 Europe/Berlin] PHP Notice:  Undefined variable: SYS_PLUGINS_DIR in /home/peter/Adathalom/public_html/minicms/plugins/pager/pager.php on line 78
[25-Jul-2018 12:23:59 Europe/Berlin] PHP Warning:  include(/pager/pager.js): failed to open stream: No such file or directory in /home/peter/Adathalom/public_html/minicms/plugins/pager/pager.php on line 78
[25-Jul-2018 12:23:59 Europe/Berlin] PHP Warning:  include(): Failed opening '/pager/pager.js' for inclusion (include_path='.:/usr/share/php') in /home/peter/Adathalom/public_html/minicms/plugins/pager/pager.php on line 78
[25-Jul-2018 12:24:01 Europe/Berlin] PHP Notice:  Undefined variable: SYS_PLUGINS_DIR in /home/peter/Adathalom/public_html/minicms/plugins/pager/pager.php on line 9
[25-Jul-2018 12:24:01 Europe/Berlin] PHP Warning:  include(/pager/pager.css): failed to open stream: No such file or directory in /home/peter/Adathalom/public_html/minicms/plugins/pager/pager.php on line 9
[25-Jul-2018 12:24:01 Europe/Berlin] PHP Warning:  include(): Failed opening '/pager/pager.css' for inclusion (include_path='.:/usr/share/php') in /home/peter/Adathalom/public_html/minicms/plugins/pager/pager.php on line 9
[25-Jul-2018 12:24:01 Europe/Berlin] PHP Notice:  Undefined variable: SYS_PLUGINS_DIR in /home/peter/Adathalom/public_html/minicms/plugins/pager/pager.php on line 78
[25-Jul-2018 12:24:01 Europe/Berlin] PHP Warning:  include(/pager/pager.js): failed to open stream: No such file or directory in /home/peter/Adathalom/public_html/minicms/plugins/pager/pager.php on line 78
[25-Jul-2018 12:24:01 Europe/Berlin] PHP Warning:  include(): Failed opening '/pager/pager.js' for inclusion (include_path='.:/usr/share/php') in /home/peter/Adathalom/public_html/minicms/plugins/pager/pager.php on line 78
[25-Jul-2018 12:24:03 Europe/Berlin] PHP Notice:  Undefined variable: SYS_PLUGINS_DIR in /home/peter/Adathalom/public_html/minicms/plugins/pager/pager.php on line 9
[25-Jul-2018 12:24:03 Europe/Berlin] PHP Warning:  include(/pager/pager.css): failed to open stream: No such file or directory in /home/peter/Adathalom/public_html/minicms/plugins/pager/pager.php on line 9
[25-Jul-2018 12:24:03 Europe/Berlin] PHP Warning:  include(): Failed opening '/pager/pager.css' for inclusion (include_path='.:/usr/share/php') in /home/peter/Adathalom/public_html/minicms/plugins/pager/pager.php on line 9
[25-Jul-2018 12:24:03 Europe/Berlin] PHP Notice:  Undefined variable: SYS_PLUGINS_DIR in /home/peter/Adathalom/public_html/minicms/plugins/pager/pager.php on line 78
[25-Jul-2018 12:24:03 Europe/Berlin] PHP Warning:  include(/pager/pager.js): failed to open stream: No such file or directory in /home/peter/Adathalom/public_html/minicms/plugins/pager/pager.php on line 78
[25-Jul-2018 12:24:03 Europe/Berlin] PHP Warning:  include(): Failed opening '/pager/pager.js' for inclusion (include_path='.:/usr/share/php') in /home/peter/Adathalom/public_html/minicms/plugins/pager/pager.php on line 78
[25-Jul-2018 12:24:04 Europe/Berlin] PHP Notice:  Undefined variable: SYS_PLUGINS_DIR in /home/peter/Adathalom/public_html/minicms/plugins/pager/pager.php on line 9
[25-Jul-2018 12:24:04 Europe/Berlin] PHP Warning:  include(/pager/pager.css): failed to open stream: No such file or directory in /home/peter/Adathalom/public_html/minicms/plugins/pager/pager.php on line 9
[25-Jul-2018 12:24:04 Europe/Berlin] PHP Warning:  include(): Failed opening '/pager/pager.css' for inclusion (include_path='.:/usr/share/php') in /home/peter/Adathalom/public_html/minicms/plugins/pager/pager.php on line 9
[25-Jul-2018 12:24:04 Europe/Berlin] PHP Notice:  Undefined variable: SYS_PLUGINS_DIR in /home/peter/Adathalom/public_html/minicms/plugins/pager/pager.php on line 78
[25-Jul-2018 12:24:04 Europe/Berlin] PHP Warning:  include(/pager/pager.js): failed to open stream: No such file or directory in /home/peter/Adathalom/public_html/minicms/plugins/pager/pager.php on line 78
[25-Jul-2018 12:24:04 Europe/Berlin] PHP Warning:  include(): Failed opening '/pager/pager.js' for inclusion (include_path='.:/usr/share/php') in /home/peter/Adathalom/public_html/minicms/plugins/pager/pager.php on line 78
[25-Jul-2018 12:30:42 Europe/Berlin] PHP Notice:  Undefined variable: SYS_PLUGINS_DIR in /home/peter/Adathalom/public_html/minicms/plugins/pager/pager.php on line 10
[25-Jul-2018 12:30:42 Europe/Berlin] PHP Warning:  include(/pager/pager.css): failed to open stream: No such file or directory in /home/peter/Adathalom/public_html/minicms/plugins/pager/pager.php on line 10
[25-Jul-2018 12:30:42 Europe/Berlin] PHP Warning:  include(): Failed opening '/pager/pager.css' for inclusion (include_path='.:/usr/share/php') in /home/peter/Adathalom/public_html/minicms/plugins/pager/pager.php on line 10
[25-Jul-2018 12:30:42 Europe/Berlin] PHP Notice:  Undefined variable: SYS_PLUGINS_DIR in /home/peter/Adathalom/public_html/minicms/plugins/pager/pager.php on line 79
[25-Jul-2018 12:30:42 Europe/Berlin] PHP Warning:  include(/pager/pager.js): failed to open stream: No such file or directory in /home/peter/Adathalom/public_html/minicms/plugins/pager/pager.php on line 79
[25-Jul-2018 12:30:42 Europe/Berlin] PHP Warning:  include(): Failed opening '/pager/pager.js' for inclusion (include_path='.:/usr/share/php') in /home/peter/Adathalom/public_html/minicms/plugins/pager/pager.php on line 79
[25-Jul-2018 12:30:43 Europe/Berlin] PHP Notice:  Undefined variable: SYS_PLUGINS_DIR in /home/peter/Adathalom/public_html/minicms/plugins/pager/pager.php on line 10
[25-Jul-2018 12:30:43 Europe/Berlin] PHP Warning:  include(/pager/pager.css): failed to open stream: No such file or directory in /home/peter/Adathalom/public_html/minicms/plugins/pager/pager.php on line 10
[25-Jul-2018 12:30:43 Europe/Berlin] PHP Warning:  include(): Failed opening '/pager/pager.css' for inclusion (include_path='.:/usr/share/php') in /home/peter/Adathalom/public_html/minicms/plugins/pager/pager.php on line 10
[25-Jul-2018 12:30:43 Europe/Berlin] PHP Notice:  Undefined variable: SYS_PLUGINS_DIR in /home/peter/Adathalom/public_html/minicms/plugins/pager/pager.php on line 79
[25-Jul-2018 12:30:43 Europe/Berlin] PHP Warning:  include(/pager/pager.js): failed to open stream: No such file or directory in /home/peter/Adathalom/public_html/minicms/plugins/pager/pager.php on line 79
[25-Jul-2018 12:30:43 Europe/Berlin] PHP Warning:  include(): Failed opening '/pager/pager.js' for inclusion (include_path='.:/usr/share/php') in /home/peter/Adathalom/public_html/minicms/plugins/pager/pager.php on line 79
[25-Jul-2018 12:30:44 Europe/Berlin] PHP Notice:  Undefined variable: SYS_PLUGINS_DIR in /home/peter/Adathalom/public_html/minicms/plugins/pager/pager.php on line 10
[25-Jul-2018 12:30:44 Europe/Berlin] PHP Warning:  include(/pager/pager.css): failed to open stream: No such file or directory in /home/peter/Adathalom/public_html/minicms/plugins/pager/pager.php on line 10
[25-Jul-2018 12:30:44 Europe/Berlin] PHP Warning:  include(): Failed opening '/pager/pager.css' for inclusion (include_path='.:/usr/share/php') in /home/peter/Adathalom/public_html/minicms/plugins/pager/pager.php on line 10
[25-Jul-2018 12:30:44 Europe/Berlin] PHP Notice:  Undefined variable: SYS_PLUGINS_DIR in /home/peter/Adathalom/public_html/minicms/plugins/pager/pager.php on line 79
[25-Jul-2018 12:30:44 Europe/Berlin] PHP Warning:  include(/pager/pager.js): failed to open stream: No such file or directory in /home/peter/Adathalom/public_html/minicms/plugins/pager/pager.php on line 79
[25-Jul-2018 12:30:44 Europe/Berlin] PHP Warning:  include(): Failed opening '/pager/pager.js' for inclusion (include_path='.:/usr/share/php') in /home/peter/Adathalom/public_html/minicms/plugins/pager/pager.php on line 79
[25-Jul-2018 12:30:45 Europe/Berlin] PHP Notice:  Undefined variable: SYS_PLUGINS_DIR in /home/peter/Adathalom/public_html/minicms/plugins/pager/pager.php on line 10
[25-Jul-2018 12:30:45 Europe/Berlin] PHP Warning:  include(/pager/pager.css): failed to open stream: No such file or directory in /home/peter/Adathalom/public_html/minicms/plugins/pager/pager.php on line 10
[25-Jul-2018 12:30:45 Europe/Berlin] PHP Warning:  include(): Failed opening '/pager/pager.css' for inclusion (include_path='.:/usr/share/php') in /home/peter/Adathalom/public_html/minicms/plugins/pager/pager.php on line 10
[25-Jul-2018 12:30:45 Europe/Berlin] PHP Notice:  Undefined variable: SYS_PLUGINS_DIR in /home/peter/Adathalom/public_html/minicms/plugins/pager/pager.php on line 79
[25-Jul-2018 12:30:45 Europe/Berlin] PHP Warning:  include(/pager/pager.js): failed to open stream: No such file or directory in /home/peter/Adathalom/public_html/minicms/plugins/pager/pager.php on line 79
[25-Jul-2018 12:30:45 Europe/Berlin] PHP Warning:  include(): Failed opening '/pager/pager.js' for inclusion (include_path='.:/usr/share/php') in /home/peter/Adathalom/public_html/minicms/plugins/pager/pager.php on line 79
[25-Jul-2018 12:30:46 Europe/Berlin] PHP Notice:  Undefined variable: SYS_PLUGINS_DIR in /home/peter/Adathalom/public_html/minicms/plugins/pager/pager.php on line 10
[25-Jul-2018 12:30:46 Europe/Berlin] PHP Warning:  include(/pager/pager.css): failed to open stream: No such file or directory in /home/peter/Adathalom/public_html/minicms/plugins/pager/pager.php on line 10
[25-Jul-2018 12:30:46 Europe/Berlin] PHP Warning:  include(): Failed opening '/pager/pager.css' for inclusion (include_path='.:/usr/share/php') in /home/peter/Adathalom/public_html/minicms/plugins/pager/pager.php on line 10
[25-Jul-2018 12:30:46 Europe/Berlin] PHP Notice:  Undefined variable: SYS_PLUGINS_DIR in /home/peter/Adathalom/public_html/minicms/plugins/pager/pager.php on line 79
[25-Jul-2018 12:30:46 Europe/Berlin] PHP Warning:  include(/pager/pager.js): failed to open stream: No such file or directory in /home/peter/Adathalom/public_html/minicms/plugins/pager/pager.php on line 79
[25-Jul-2018 12:30:46 Europe/Berlin] PHP Warning:  include(): Failed opening '/pager/pager.js' for inclusion (include_path='.:/usr/share/php') in /home/peter/Adathalom/public_html/minicms/plugins/pager/pager.php on line 79
[25-Jul-2018 12:30:47 Europe/Berlin] PHP Notice:  Undefined variable: SYS_PLUGINS_DIR in /home/peter/Adathalom/public_html/minicms/plugins/pager/pager.php on line 10
[25-Jul-2018 12:30:47 Europe/Berlin] PHP Warning:  include(/pager/pager.css): failed to open stream: No such file or directory in /home/peter/Adathalom/public_html/minicms/plugins/pager/pager.php on line 10
[25-Jul-2018 12:30:47 Europe/Berlin] PHP Warning:  include(): Failed opening '/pager/pager.css' for inclusion (include_path='.:/usr/share/php') in /home/peter/Adathalom/public_html/minicms/plugins/pager/pager.php on line 10
[25-Jul-2018 12:30:47 Europe/Berlin] PHP Notice:  Undefined variable: SYS_PLUGINS_DIR in /home/peter/Adathalom/public_html/minicms/plugins/pager/pager.php on line 79
[25-Jul-2018 12:30:47 Europe/Berlin] PHP Warning:  include(/pager/pager.js): failed to open stream: No such file or directory in /home/peter/Adathalom/public_html/minicms/plugins/pager/pager.php on line 79
[25-Jul-2018 12:30:47 Europe/Berlin] PHP Warning:  include(): Failed opening '/pager/pager.js' for inclusion (include_path='.:/usr/share/php') in /home/peter/Adathalom/public_html/minicms/plugins/pager/pager.php on line 79
[25-Jul-2018 12:30:47 Europe/Berlin] PHP Notice:  Undefined variable: SYS_PLUGINS_DIR in /home/peter/Adathalom/public_html/minicms/plugins/pager/pager.php on line 10
[25-Jul-2018 12:30:47 Europe/Berlin] PHP Warning:  include(/pager/pager.css): failed to open stream: No such file or directory in /home/peter/Adathalom/public_html/minicms/plugins/pager/pager.php on line 10
[25-Jul-2018 12:30:47 Europe/Berlin] PHP Warning:  include(): Failed opening '/pager/pager.css' for inclusion (include_path='.:/usr/share/php') in /home/peter/Adathalom/public_html/minicms/plugins/pager/pager.php on line 10
[25-Jul-2018 12:30:47 Europe/Berlin] PHP Notice:  Undefined variable: SYS_PLUGINS_DIR in /home/peter/Adathalom/public_html/minicms/plugins/pager/pager.php on line 79
[25-Jul-2018 12:30:47 Europe/Berlin] PHP Warning:  include(/pager/pager.js): failed to open stream: No such file or directory in /home/peter/Adathalom/public_html/minicms/plugins/pager/pager.php on line 79
[25-Jul-2018 12:30:47 Europe/Berlin] PHP Warning:  include(): Failed opening '/pager/pager.js' for inclusion (include_path='.:/usr/share/php') in /home/peter/Adathalom/public_html/minicms/plugins/pager/pager.php on line 79
[25-Jul-2018 12:30:48 Europe/Berlin] PHP Notice:  Undefined variable: SYS_PLUGINS_DIR in /home/peter/Adathalom/public_html/minicms/plugins/pager/pager.php on line 10
[25-Jul-2018 12:30:48 Europe/Berlin] PHP Warning:  include(/pager/pager.css): failed to open stream: No such file or directory in /home/peter/Adathalom/public_html/minicms/plugins/pager/pager.php on line 10
[25-Jul-2018 12:30:48 Europe/Berlin] PHP Warning:  include(): Failed opening '/pager/pager.css' for inclusion (include_path='.:/usr/share/php') in /home/peter/Adathalom/public_html/minicms/plugins/pager/pager.php on line 10
[25-Jul-2018 12:30:48 Europe/Berlin] PHP Notice:  Undefined variable: SYS_PLUGINS_DIR in /home/peter/Adathalom/public_html/minicms/plugins/pager/pager.php on line 79
[25-Jul-2018 12:30:48 Europe/Berlin] PHP Warning:  include(/pager/pager.js): failed to open stream: No such file or directory in /home/peter/Adathalom/public_html/minicms/plugins/pager/pager.php on line 79
[25-Jul-2018 12:30:48 Europe/Berlin] PHP Warning:  include(): Failed opening '/pager/pager.js' for inclusion (include_path='.:/usr/share/php') in /home/peter/Adathalom/public_html/minicms/plugins/pager/pager.php on line 79
[25-Jul-2018 12:33:20 Europe/Berlin] PHP Notice:  Undefined variable: SYS_PLUGINS_DIR in /home/peter/Adathalom/public_html/minicms/plugins/pager/pager.php on line 17
[25-Jul-2018 12:33:20 Europe/Berlin] PHP Warning:  include(/pager/pager.css): failed to open stream: No such file or directory in /home/peter/Adathalom/public_html/minicms/plugins/pager/pager.php on line 17
[25-Jul-2018 12:33:20 Europe/Berlin] PHP Warning:  include(): Failed opening '/pager/pager.css' for inclusion (include_path='.:/usr/share/php') in /home/peter/Adathalom/public_html/minicms/plugins/pager/pager.php on line 17
[25-Jul-2018 12:33:20 Europe/Berlin] PHP Notice:  Undefined variable: SYS_PLUGINS_DIR in /home/peter/Adathalom/public_html/minicms/plugins/pager/pager.php on line 86
[25-Jul-2018 12:33:20 Europe/Berlin] PHP Warning:  include(/pager/pager.js): failed to open stream: No such file or directory in /home/peter/Adathalom/public_html/minicms/plugins/pager/pager.php on line 86
[25-Jul-2018 12:33:20 Europe/Berlin] PHP Warning:  include(): Failed opening '/pager/pager.js' for inclusion (include_path='.:/usr/share/php') in /home/peter/Adathalom/public_html/minicms/plugins/pager/pager.php on line 86
[25-Jul-2018 12:36:30 Europe/Berlin] PHP Notice:  Undefined variable: SYS_PLUGINS_DIR in /home/peter/Adathalom/public_html/minicms/plugins/pager/pager.php on line 17
[25-Jul-2018 12:36:30 Europe/Berlin] PHP Warning:  include(/pager/pager.css): failed to open stream: No such file or directory in /home/peter/Adathalom/public_html/minicms/plugins/pager/pager.php on line 17
[25-Jul-2018 12:36:30 Europe/Berlin] PHP Warning:  include(): Failed opening '/pager/pager.css' for inclusion (include_path='.:/usr/share/php') in /home/peter/Adathalom/public_html/minicms/plugins/pager/pager.php on line 17
[25-Jul-2018 12:36:30 Europe/Berlin] PHP Notice:  Undefined variable: SYS_PLUGINS_DIR in /home/peter/Adathalom/public_html/minicms/plugins/pager/pager.php on line 86
[25-Jul-2018 12:36:30 Europe/Berlin] PHP Warning:  include(/pager/pager.js): failed to open stream: No such file or directory in /home/peter/Adathalom/public_html/minicms/plugins/pager/pager.php on line 86
[25-Jul-2018 12:36:30 Europe/Berlin] PHP Warning:  include(): Failed opening '/pager/pager.js' for inclusion (include_path='.:/usr/share/php') in /home/peter/Adathalom/public_html/minicms/plugins/pager/pager.php on line 86
