[09-Jul-2018 12:25:51 Europe/Berlin] PHP Notice:  Undefined variable: NL_CFG_DIR in /home/peter/Adathalom/public_html/minicms/content/index.php on line 17
[09-Jul-2018 12:25:51 Europe/Berlin] PHP Notice:  Undefined variable: NL_DATA_FILE in /home/peter/Adathalom/public_html/minicms/content/index.php on line 17
[09-Jul-2018 12:25:51 Europe/Berlin] PHP Notice:  Undefined variable: NL_INFO_FILE in /home/peter/Adathalom/public_html/minicms/content/index.php on line 18
[09-Jul-2018 12:25:51 Europe/Berlin] PHP Notice:  Undefined variable: NL_HEADER in /home/peter/Adathalom/public_html/minicms/content/index.php on line 38
[09-Jul-2018 12:25:51 Europe/Berlin] PHP Notice:  Undefined variable: NL_JS_BEGIN in /home/peter/Adathalom/public_html/minicms/content/index.php on line 42
[09-Jul-2018 12:25:51 Europe/Berlin] PHP Notice:  Undefined variable: L_ERROR in /home/peter/Adathalom/public_html/minicms/content/index.php on line 97
[09-Jul-2018 12:25:51 Europe/Berlin] PHP Notice:  Undefined variable: L_FILENOTFOUND in /home/peter/Adathalom/public_html/minicms/content/index.php on line 97
[09-Jul-2018 12:25:51 Europe/Berlin] PHP Notice:  Undefined variable: L_INFOPANEL in /home/peter/Adathalom/public_html/minicms/content/index.php on line 103
[09-Jul-2018 12:25:51 Europe/Berlin] PHP Notice:  Undefined variable: L_FILENOTFOUND in /home/peter/Adathalom/public_html/minicms/content/index.php on line 118
[09-Jul-2018 12:25:51 Europe/Berlin] PHP Notice:  Undefined variable: NL_JS_END in /home/peter/Adathalom/public_html/minicms/content/index.php on line 128
[09-Jul-2018 12:25:51 Europe/Berlin] PHP Notice:  Undefined variable: NL_FOOTER in /home/peter/Adathalom/public_html/minicms/content/index.php on line 132
[09-Jul-2018 12:26:27 Europe/Berlin] PHP Notice:  Undefined variable: NL_CFG_DIR in /home/peter/Adathalom/public_html/minicms/content/index.php on line 17
[09-Jul-2018 12:26:27 Europe/Berlin] PHP Notice:  Undefined variable: NL_DATA_FILE in /home/peter/Adathalom/public_html/minicms/content/index.php on line 17
[09-Jul-2018 12:26:27 Europe/Berlin] PHP Notice:  Undefined variable: NL_INFO_FILE in /home/peter/Adathalom/public_html/minicms/content/index.php on line 18
[09-Jul-2018 12:26:27 Europe/Berlin] PHP Notice:  Undefined variable: NL_HEADER in /home/peter/Adathalom/public_html/minicms/content/index.php on line 38
[09-Jul-2018 12:26:27 Europe/Berlin] PHP Notice:  Undefined variable: NL_JS_BEGIN in /home/peter/Adathalom/public_html/minicms/content/index.php on line 42
[09-Jul-2018 12:26:27 Europe/Berlin] PHP Notice:  Undefined variable: L_ERROR in /home/peter/Adathalom/public_html/minicms/content/index.php on line 97
[09-Jul-2018 12:26:27 Europe/Berlin] PHP Notice:  Undefined variable: L_FILENOTFOUND in /home/peter/Adathalom/public_html/minicms/content/index.php on line 97
[09-Jul-2018 12:26:27 Europe/Berlin] PHP Notice:  Undefined variable: L_INFOPANEL in /home/peter/Adathalom/public_html/minicms/content/index.php on line 103
[09-Jul-2018 12:26:27 Europe/Berlin] PHP Notice:  Undefined variable: L_FILENOTFOUND in /home/peter/Adathalom/public_html/minicms/content/index.php on line 118
[09-Jul-2018 12:26:27 Europe/Berlin] PHP Notice:  Undefined variable: NL_JS_END in /home/peter/Adathalom/public_html/minicms/content/index.php on line 128
[09-Jul-2018 12:26:27 Europe/Berlin] PHP Notice:  Undefined variable: NL_FOOTER in /home/peter/Adathalom/public_html/minicms/content/index.php on line 132
[09-Jul-2018 12:26:46 Europe/Berlin] PHP Notice:  Undefined variable: L_SITEHOME in /home/peter/Adathalom/public_html/minicms/content/header.php on line 20
[09-Jul-2018 12:26:46 Europe/Berlin] PHP Notice:  Undefined variable: L_NLHOME in /home/peter/Adathalom/public_html/minicms/content/header.php on line 21
[09-Jul-2018 12:26:46 Europe/Berlin] PHP Notice:  Undefined variable: L_SITENAME in /home/peter/Adathalom/public_html/minicms/content/header.php on line 31
[09-Jul-2018 12:26:46 Europe/Berlin] PHP Notice:  Undefined variable: L_ERROR in /home/peter/Adathalom/public_html/minicms/content/index.php on line 97
[09-Jul-2018 12:26:46 Europe/Berlin] PHP Notice:  Undefined variable: L_FILENOTFOUND in /home/peter/Adathalom/public_html/minicms/content/index.php on line 97
[09-Jul-2018 12:26:46 Europe/Berlin] PHP Notice:  Undefined variable: L_INFOPANEL in /home/peter/Adathalom/public_html/minicms/content/index.php on line 103
[09-Jul-2018 12:27:23 Europe/Berlin] PHP Notice:  Undefined variable: L_SITEHOME in /home/peter/Adathalom/public_html/minicms/content/header.php on line 20
[09-Jul-2018 12:27:23 Europe/Berlin] PHP Notice:  Undefined variable: L_NLHOME in /home/peter/Adathalom/public_html/minicms/content/header.php on line 21
[09-Jul-2018 12:27:23 Europe/Berlin] PHP Notice:  Undefined variable: L_SITENAME in /home/peter/Adathalom/public_html/minicms/content/header.php on line 31
[09-Jul-2018 12:27:23 Europe/Berlin] PHP Notice:  Undefined variable: L_ERROR in /home/peter/Adathalom/public_html/minicms/content/index.php on line 97
[09-Jul-2018 12:27:23 Europe/Berlin] PHP Notice:  Undefined variable: L_FILENOTFOUND in /home/peter/Adathalom/public_html/minicms/content/index.php on line 97
[09-Jul-2018 12:27:23 Europe/Berlin] PHP Notice:  Undefined variable: L_INFOPANEL in /home/peter/Adathalom/public_html/minicms/content/index.php on line 103
[09-Jul-2018 12:27:55 Europe/Berlin] PHP Notice:  Undefined variable: L_SITEHOME in /home/peter/Adathalom/public_html/minicms/content/header.php on line 20
[09-Jul-2018 12:27:55 Europe/Berlin] PHP Notice:  Undefined variable: L_NLHOME in /home/peter/Adathalom/public_html/minicms/content/header.php on line 21
[09-Jul-2018 12:27:55 Europe/Berlin] PHP Notice:  Undefined variable: L_SITENAME in /home/peter/Adathalom/public_html/minicms/content/header.php on line 31
[09-Jul-2018 12:27:55 Europe/Berlin] PHP Notice:  Undefined variable: L_ERROR in /home/peter/Adathalom/public_html/minicms/content/index.php on line 97
[09-Jul-2018 12:27:55 Europe/Berlin] PHP Notice:  Undefined variable: L_FILENOTFOUND in /home/peter/Adathalom/public_html/minicms/content/index.php on line 97
[09-Jul-2018 12:27:55 Europe/Berlin] PHP Notice:  Undefined variable: L_INFOPANEL in /home/peter/Adathalom/public_html/minicms/content/index.php on line 103
[09-Jul-2018 12:27:59 Europe/Berlin] PHP Notice:  Undefined variable: L_SITEHOME in /home/peter/Adathalom/public_html/minicms/content/header.php on line 20
[09-Jul-2018 12:27:59 Europe/Berlin] PHP Notice:  Undefined variable: L_NLHOME in /home/peter/Adathalom/public_html/minicms/content/header.php on line 21
[09-Jul-2018 12:27:59 Europe/Berlin] PHP Notice:  Undefined variable: L_SITENAME in /home/peter/Adathalom/public_html/minicms/content/header.php on line 31
[09-Jul-2018 12:27:59 Europe/Berlin] PHP Notice:  Undefined variable: L_ERROR in /home/peter/Adathalom/public_html/minicms/content/index.php on line 97
[09-Jul-2018 12:27:59 Europe/Berlin] PHP Notice:  Undefined variable: L_FILENOTFOUND in /home/peter/Adathalom/public_html/minicms/content/index.php on line 97
[09-Jul-2018 12:27:59 Europe/Berlin] PHP Notice:  Undefined variable: L_INFOPANEL in /home/peter/Adathalom/public_html/minicms/content/index.php on line 103
[09-Jul-2018 12:28:38 Europe/Berlin] PHP Notice:  Undefined variable: L_SITEHOME in /home/peter/Adathalom/public_html/minicms/content/header.php on line 20
[09-Jul-2018 12:28:38 Europe/Berlin] PHP Notice:  Undefined variable: L_NLHOME in /home/peter/Adathalom/public_html/minicms/content/header.php on line 21
[09-Jul-2018 12:28:38 Europe/Berlin] PHP Notice:  Undefined variable: L_SITENAME in /home/peter/Adathalom/public_html/minicms/content/header.php on line 31
[09-Jul-2018 12:28:38 Europe/Berlin] PHP Notice:  Undefined variable: L_ERROR in /home/peter/Adathalom/public_html/minicms/content/index.php on line 97
[09-Jul-2018 12:28:38 Europe/Berlin] PHP Notice:  Undefined variable: L_FILENOTFOUND in /home/peter/Adathalom/public_html/minicms/content/index.php on line 97
[09-Jul-2018 12:28:38 Europe/Berlin] PHP Notice:  Undefined variable: L_INFOPANEL in /home/peter/Adathalom/public_html/minicms/content/index.php on line 103
[09-Jul-2018 12:28:59 Europe/Berlin] PHP Notice:  Undefined variable: L_SITEHOME in /home/peter/Adathalom/public_html/minicms/content/header.php on line 20
[09-Jul-2018 12:28:59 Europe/Berlin] PHP Notice:  Undefined variable: L_NLHOME in /home/peter/Adathalom/public_html/minicms/content/header.php on line 21
[09-Jul-2018 12:28:59 Europe/Berlin] PHP Notice:  Undefined variable: L_SITENAME in /home/peter/Adathalom/public_html/minicms/content/header.php on line 31
[09-Jul-2018 12:28:59 Europe/Berlin] PHP Notice:  Undefined variable: L_ERROR in /home/peter/Adathalom/public_html/minicms/content/index.php on line 97
[09-Jul-2018 12:28:59 Europe/Berlin] PHP Notice:  Undefined variable: L_FILENOTFOUND in /home/peter/Adathalom/public_html/minicms/content/index.php on line 97
[09-Jul-2018 12:28:59 Europe/Berlin] PHP Notice:  Undefined variable: L_INFOPANEL in /home/peter/Adathalom/public_html/minicms/content/index.php on line 103
[09-Jul-2018 12:29:26 Europe/Berlin] PHP Notice:  Undefined variable: L_SITEHOME in /home/peter/Adathalom/public_html/minicms/content/header.php on line 20
[09-Jul-2018 12:29:26 Europe/Berlin] PHP Notice:  Undefined variable: L_NLHOME in /home/peter/Adathalom/public_html/minicms/content/header.php on line 21
[09-Jul-2018 12:29:26 Europe/Berlin] PHP Notice:  Undefined variable: L_SITENAME in /home/peter/Adathalom/public_html/minicms/content/header.php on line 31
[09-Jul-2018 12:29:26 Europe/Berlin] PHP Notice:  Undefined variable: L_ERROR in /home/peter/Adathalom/public_html/minicms/content/index.php on line 97
[09-Jul-2018 12:29:26 Europe/Berlin] PHP Notice:  Undefined variable: L_FILENOTFOUND in /home/peter/Adathalom/public_html/minicms/content/index.php on line 97
[09-Jul-2018 12:29:26 Europe/Berlin] PHP Notice:  Undefined variable: L_INFOPANEL in /home/peter/Adathalom/public_html/minicms/content/index.php on line 103
[09-Jul-2018 12:33:44 Europe/Berlin] PHP Notice:  Undefined variable: L_SITEHOME in /home/peter/Adathalom/public_html/minicms/content/header.php on line 20
[09-Jul-2018 12:33:44 Europe/Berlin] PHP Notice:  Undefined variable: L_NLHOME in /home/peter/Adathalom/public_html/minicms/content/header.php on line 21
[09-Jul-2018 12:33:44 Europe/Berlin] PHP Notice:  Undefined variable: L_SITENAME in /home/peter/Adathalom/public_html/minicms/content/header.php on line 31
[09-Jul-2018 12:33:44 Europe/Berlin] PHP Notice:  Undefined variable: L_ERROR in /home/peter/Adathalom/public_html/minicms/content/index.php on line 97
[09-Jul-2018 12:33:44 Europe/Berlin] PHP Notice:  Undefined variable: L_FILENOTFOUND in /home/peter/Adathalom/public_html/minicms/content/index.php on line 97
[09-Jul-2018 12:33:44 Europe/Berlin] PHP Notice:  Undefined variable: L_INFOPANEL in /home/peter/Adathalom/public_html/minicms/content/index.php on line 103
[09-Jul-2018 12:33:46 Europe/Berlin] PHP Notice:  Undefined variable: L_SITEHOME in /home/peter/Adathalom/public_html/minicms/content/header.php on line 20
[09-Jul-2018 12:33:46 Europe/Berlin] PHP Notice:  Undefined variable: L_NLHOME in /home/peter/Adathalom/public_html/minicms/content/header.php on line 21
[09-Jul-2018 12:33:46 Europe/Berlin] PHP Notice:  Undefined variable: L_SITENAME in /home/peter/Adathalom/public_html/minicms/content/header.php on line 31
[09-Jul-2018 12:33:46 Europe/Berlin] PHP Notice:  Undefined variable: L_ERROR in /home/peter/Adathalom/public_html/minicms/content/index.php on line 97
[09-Jul-2018 12:33:46 Europe/Berlin] PHP Notice:  Undefined variable: L_FILENOTFOUND in /home/peter/Adathalom/public_html/minicms/content/index.php on line 97
[09-Jul-2018 12:33:46 Europe/Berlin] PHP Notice:  Undefined variable: L_INFOPANEL in /home/peter/Adathalom/public_html/minicms/content/index.php on line 103
[09-Jul-2018 12:33:52 Europe/Berlin] PHP Notice:  Undefined variable: L_SITEHOME in /home/peter/Adathalom/public_html/minicms/content/header.php on line 20
[09-Jul-2018 12:33:52 Europe/Berlin] PHP Notice:  Undefined variable: L_NLHOME in /home/peter/Adathalom/public_html/minicms/content/header.php on line 21
[09-Jul-2018 12:33:52 Europe/Berlin] PHP Notice:  Undefined variable: L_SITENAME in /home/peter/Adathalom/public_html/minicms/content/header.php on line 31
[09-Jul-2018 12:33:52 Europe/Berlin] PHP Notice:  Undefined variable: L_ERROR in /home/peter/Adathalom/public_html/minicms/content/index.php on line 97
[09-Jul-2018 12:33:52 Europe/Berlin] PHP Notice:  Undefined variable: L_FILENOTFOUND in /home/peter/Adathalom/public_html/minicms/content/index.php on line 97
[09-Jul-2018 12:33:52 Europe/Berlin] PHP Notice:  Undefined variable: L_INFOPANEL in /home/peter/Adathalom/public_html/minicms/content/index.php on line 103
[09-Jul-2018 12:52:28 Europe/Berlin] PHP Notice:  Undefined variable: NL_DATA_FILE in /home/peter/Adathalom/public_html/minicms/content/index.php on line 17
[09-Jul-2018 13:11:03 Europe/Berlin] PHP Notice:  Undefined variable: NL_DATA_FILE in /home/peter/Adathalom/public_html/minicms/content/data/config.php on line 40
[09-Jul-2018 13:11:03 Europe/Berlin] PHP Notice:  Undefined variable: NL_DATA_FILE in /home/peter/Adathalom/public_html/minicms/content/admin.php on line 17
[09-Jul-2018 13:12:30 Europe/Berlin] PHP Notice:  Undefined variable: NL_DATA_FILE in /home/peter/Adathalom/public_html/minicms/content/data/config.php on line 40
[09-Jul-2018 13:12:30 Europe/Berlin] PHP Notice:  Undefined variable: NL_DATA_FILE in /home/peter/Adathalom/public_html/minicms/content/admin.php on line 17
[09-Jul-2018 13:13:57 Europe/Berlin] PHP Notice:  Undefined variable: NL_DATA_FILE in /home/peter/Adathalom/public_html/minicms/content/data/config.php on line 40
[09-Jul-2018 13:13:57 Europe/Berlin] PHP Notice:  Undefined variable: NL_DATA_FILE in /home/peter/Adathalom/public_html/minicms/content/admin.php on line 17
[09-Jul-2018 13:18:02 Europe/Berlin] PHP Parse error:  syntax error, unexpected '}', expecting end of file in /home/peter/Adathalom/public_html/minicms/content/admin.php on line 82
[09-Jul-2018 13:18:17 Europe/Berlin] PHP Notice:  Undefined variable: NL_DATA_FILE in /home/peter/Adathalom/public_html/minicms/content/data/config.php on line 40
[09-Jul-2018 13:18:17 Europe/Berlin] PHP Notice:  Undefined variable: NL_DATA_FILE in /home/peter/Adathalom/public_html/minicms/content/admin.php on line 17
[09-Jul-2018 13:18:26 Europe/Berlin] PHP Notice:  Undefined variable: NL_DATA_FILE in /home/peter/Adathalom/public_html/minicms/content/index.php on line 17
[09-Jul-2018 13:18:33 Europe/Berlin] PHP Notice:  Undefined variable: NL_DATA_FILE in /home/peter/Adathalom/public_html/minicms/content/data/config.php on line 40
[09-Jul-2018 13:18:33 Europe/Berlin] PHP Notice:  Undefined variable: NL_DATA_FILE in /home/peter/Adathalom/public_html/minicms/content/admin.php on line 17
[09-Jul-2018 13:21:47 Europe/Berlin] PHP Notice:  Undefined variable: NL_DATA_FILE in /home/peter/Adathalom/public_html/minicms/content/data/config.php on line 40
[09-Jul-2018 13:21:47 Europe/Berlin] PHP Notice:  Undefined variable: NL_DATA_FILE in /home/peter/Adathalom/public_html/minicms/content/admin.php on line 17
[09-Jul-2018 13:25:48 Europe/Berlin] PHP Parse error:  syntax error, unexpected ')' in /home/peter/Adathalom/public_html/minicms/content/admin.php on line 31
[09-Jul-2018 13:25:58 Europe/Berlin] PHP Parse error:  syntax error, unexpected ')' in /home/peter/Adathalom/public_html/minicms/content/admin.php on line 31
[09-Jul-2018 13:26:00 Europe/Berlin] PHP Parse error:  syntax error, unexpected ')' in /home/peter/Adathalom/public_html/minicms/content/admin.php on line 31
[09-Jul-2018 13:26:17 Europe/Berlin] PHP Notice:  Undefined variable: NL_DATA_FILE in /home/peter/Adathalom/public_html/minicms/content/data/config.php on line 40
[09-Jul-2018 13:26:17 Europe/Berlin] PHP Notice:  Undefined variable: NL_DATA_FILE in /home/peter/Adathalom/public_html/minicms/content/admin.php on line 17
[09-Jul-2018 13:26:21 Europe/Berlin] PHP Notice:  Undefined variable: NL_DATA_FILE in /home/peter/Adathalom/public_html/minicms/content/data/config.php on line 40
[09-Jul-2018 13:26:21 Europe/Berlin] PHP Notice:  Undefined variable: NL_DATA_FILE in /home/peter/Adathalom/public_html/minicms/content/admin.php on line 17
[09-Jul-2018 13:26:56 Europe/Berlin] PHP Notice:  Undefined variable: NL_DATA_FILE in /home/peter/Adathalom/public_html/minicms/content/data/config.php on line 40
[09-Jul-2018 13:26:56 Europe/Berlin] PHP Notice:  Undefined variable: NL_DATA_FILE in /home/peter/Adathalom/public_html/minicms/content/admin.php on line 17
[09-Jul-2018 13:27:58 Europe/Berlin] PHP Notice:  Undefined variable: NL_DATA_FILE in /home/peter/Adathalom/public_html/minicms/content/data/config.php on line 40
[09-Jul-2018 13:27:58 Europe/Berlin] PHP Notice:  Undefined variable: NL_DATA_FILE in /home/peter/Adathalom/public_html/minicms/content/admin.php on line 17
[09-Jul-2018 13:29:24 Europe/Berlin] PHP Parse error:  syntax error, unexpected 'for' (T_FOR), expecting ',' or ';' in /home/peter/Adathalom/public_html/minicms/content/admin.php on line 82
[09-Jul-2018 13:29:37 Europe/Berlin] PHP Notice:  Undefined variable: NL_DATA_FILE in /home/peter/Adathalom/public_html/minicms/content/data/config.php on line 40
[09-Jul-2018 13:29:37 Europe/Berlin] PHP Notice:  Undefined variable: NL_DATA_FILE in /home/peter/Adathalom/public_html/minicms/content/admin.php on line 17
[09-Jul-2018 13:29:42 Europe/Berlin] PHP Notice:  Undefined variable: NL_DATA_FILE in /home/peter/Adathalom/public_html/minicms/content/data/config.php on line 40
[09-Jul-2018 13:29:42 Europe/Berlin] PHP Notice:  Undefined variable: NL_DATA_FILE in /home/peter/Adathalom/public_html/minicms/content/admin.php on line 17
[09-Jul-2018 13:30:02 Europe/Berlin] PHP Notice:  Undefined variable: NL_DATA_FILE in /home/peter/Adathalom/public_html/minicms/content/data/config.php on line 40
[09-Jul-2018 13:30:02 Europe/Berlin] PHP Notice:  Undefined variable: NL_DATA_FILE in /home/peter/Adathalom/public_html/minicms/content/admin.php on line 17
[09-Jul-2018 13:31:00 Europe/Berlin] PHP Notice:  Undefined variable: NL_DATA_FILE in /home/peter/Adathalom/public_html/minicms/content/data/config.php on line 40
[09-Jul-2018 13:31:00 Europe/Berlin] PHP Notice:  Undefined variable: NL_DATA_FILE in /home/peter/Adathalom/public_html/minicms/content/admin.php on line 17
[09-Jul-2018 13:31:24 Europe/Berlin] PHP Notice:  Undefined variable: NL_DATA_FILE in /home/peter/Adathalom/public_html/minicms/content/data/config.php on line 40
[09-Jul-2018 13:31:24 Europe/Berlin] PHP Notice:  Undefined variable: NL_DATA_FILE in /home/peter/Adathalom/public_html/minicms/content/admin.php on line 17
[09-Jul-2018 13:31:37 Europe/Berlin] PHP Notice:  Undefined variable: NL_DATA_FILE in /home/peter/Adathalom/public_html/minicms/content/data/config.php on line 40
[09-Jul-2018 13:31:37 Europe/Berlin] PHP Notice:  Undefined variable: NL_DATA_FILE in /home/peter/Adathalom/public_html/minicms/content/admin.php on line 17
[09-Jul-2018 13:31:55 Europe/Berlin] PHP Notice:  Undefined variable: NL_DATA_FILE in /home/peter/Adathalom/public_html/minicms/content/data/config.php on line 40
[09-Jul-2018 13:31:55 Europe/Berlin] PHP Notice:  Undefined variable: NL_DATA_FILE in /home/peter/Adathalom/public_html/minicms/content/admin.php on line 17
[09-Jul-2018 13:32:34 Europe/Berlin] PHP Notice:  Undefined variable: NL_DATA_FILE in /home/peter/Adathalom/public_html/minicms/content/data/config.php on line 40
[09-Jul-2018 13:32:34 Europe/Berlin] PHP Notice:  Undefined variable: NL_DATA_FILE in /home/peter/Adathalom/public_html/minicms/content/admin.php on line 17
[09-Jul-2018 13:33:12 Europe/Berlin] PHP Notice:  Undefined variable: NL_DATA_FILE in /home/peter/Adathalom/public_html/minicms/content/data/config.php on line 40
[09-Jul-2018 13:33:12 Europe/Berlin] PHP Notice:  Undefined variable: NL_DATA_FILE in /home/peter/Adathalom/public_html/minicms/content/admin.php on line 17
[09-Jul-2018 13:33:54 Europe/Berlin] PHP Notice:  Undefined variable: NL_DATA_FILE in /home/peter/Adathalom/public_html/minicms/content/data/config.php on line 40
[09-Jul-2018 13:33:54 Europe/Berlin] PHP Notice:  Undefined variable: NL_DATA_FILE in /home/peter/Adathalom/public_html/minicms/content/admin.php on line 17
[09-Jul-2018 13:34:01 Europe/Berlin] PHP Notice:  Undefined variable: NL_DATA_FILE in /home/peter/Adathalom/public_html/minicms/content/index.php on line 17
[09-Jul-2018 13:34:06 Europe/Berlin] PHP Notice:  Undefined variable: NL_DATA_FILE in /home/peter/Adathalom/public_html/minicms/content/index.php on line 17
[09-Jul-2018 13:34:06 Europe/Berlin] PHP Notice:  Undefined variable: NL_DATA_FILE in /home/peter/Adathalom/public_html/minicms/content/editx.php on line 43
[09-Jul-2018 13:34:10 Europe/Berlin] PHP Notice:  Undefined variable: NL_DATA_FILE in /home/peter/Adathalom/public_html/minicms/content/editx.php on line 43
[09-Jul-2018 13:34:10 Europe/Berlin] PHP Warning:  file_put_contents(../config/): failed to open stream: Is a directory in /home/peter/Adathalom/public_html/minicms/content/editx.php on line 128
[09-Jul-2018 13:34:18 Europe/Berlin] PHP Notice:  Undefined variable: NL_DATA_FILE in /home/peter/Adathalom/public_html/minicms/content/data/config.php on line 40
[09-Jul-2018 13:34:18 Europe/Berlin] PHP Notice:  Undefined variable: NL_DATA_FILE in /home/peter/Adathalom/public_html/minicms/content/admin.php on line 17
[09-Jul-2018 13:34:23 Europe/Berlin] PHP Notice:  Undefined variable: NL_DATA_FILE in /home/peter/Adathalom/public_html/minicms/content/data/config.php on line 40
[09-Jul-2018 13:34:23 Europe/Berlin] PHP Notice:  Undefined variable: NL_DATA_FILE in /home/peter/Adathalom/public_html/minicms/content/admin.php on line 17
[09-Jul-2018 13:35:45 Europe/Berlin] PHP Notice:  Undefined variable: NL_DATA_FILE in /home/peter/Adathalom/public_html/minicms/content/index.php on line 17
[09-Jul-2018 13:35:49 Europe/Berlin] PHP Notice:  Undefined variable: NL_DATA_FILE in /home/peter/Adathalom/public_html/minicms/content/index.php on line 17
[09-Jul-2018 13:35:49 Europe/Berlin] PHP Notice:  Undefined variable: NL_DATA_FILE in /home/peter/Adathalom/public_html/minicms/content/editx.php on line 43
[09-Jul-2018 13:35:51 Europe/Berlin] PHP Notice:  Undefined variable: NL_DATA_FILE in /home/peter/Adathalom/public_html/minicms/content/editx.php on line 43
[09-Jul-2018 13:35:51 Europe/Berlin] PHP Warning:  file_put_contents(../config/): failed to open stream: Is a directory in /home/peter/Adathalom/public_html/minicms/content/editx.php on line 128
[09-Jul-2018 13:36:03 Europe/Berlin] PHP Notice:  Undefined variable: NL_DATA_FILE in /home/peter/Adathalom/public_html/minicms/content/editx.php on line 43
[09-Jul-2018 13:36:03 Europe/Berlin] PHP Warning:  file_put_contents(../config/): failed to open stream: Is a directory in /home/peter/Adathalom/public_html/minicms/content/editx.php on line 128
[09-Jul-2018 13:36:17 Europe/Berlin] PHP Notice:  Undefined variable: NL_DATA_FILE in /home/peter/Adathalom/public_html/minicms/content/editx.php on line 43
[09-Jul-2018 13:36:17 Europe/Berlin] PHP Warning:  file_put_contents(../config/): failed to open stream: Is a directory in /home/peter/Adathalom/public_html/minicms/content/editx.php on line 128
[09-Jul-2018 13:38:01 Europe/Berlin] PHP Notice:  Undefined variable: NL_DATA_FILE in /home/peter/Adathalom/public_html/minicms/content/editx.php on line 43
[09-Jul-2018 13:38:01 Europe/Berlin] PHP Warning:  file_put_contents(../config/): failed to open stream: Is a directory in /home/peter/Adathalom/public_html/minicms/content/editx.php on line 128
[09-Jul-2018 13:39:13 Europe/Berlin] PHP Notice:  Undefined variable: NL_DATA_FILE in /home/peter/Adathalom/public_html/minicms/content/editx.php on line 43
[09-Jul-2018 13:39:13 Europe/Berlin] PHP Warning:  file_put_contents(../config/): failed to open stream: Is a directory in /home/peter/Adathalom/public_html/minicms/content/editx.php on line 128
[09-Jul-2018 13:39:15 Europe/Berlin] PHP Notice:  Undefined variable: NL_DATA_FILE in /home/peter/Adathalom/public_html/minicms/content/editx.php on line 43
[09-Jul-2018 13:39:15 Europe/Berlin] PHP Warning:  file_put_contents(../config/): failed to open stream: Is a directory in /home/peter/Adathalom/public_html/minicms/content/editx.php on line 128
[09-Jul-2018 13:39:15 Europe/Berlin] PHP Notice:  Undefined variable: NL_DATA_FILE in /home/peter/Adathalom/public_html/minicms/content/editx.php on line 43
[09-Jul-2018 13:39:15 Europe/Berlin] PHP Warning:  file_put_contents(../config/): failed to open stream: Is a directory in /home/peter/Adathalom/public_html/minicms/content/editx.php on line 128
[09-Jul-2018 13:39:16 Europe/Berlin] PHP Notice:  Undefined variable: NL_DATA_FILE in /home/peter/Adathalom/public_html/minicms/content/editx.php on line 43
[09-Jul-2018 13:39:16 Europe/Berlin] PHP Warning:  file_put_contents(../config/): failed to open stream: Is a directory in /home/peter/Adathalom/public_html/minicms/content/editx.php on line 128
[09-Jul-2018 13:39:16 Europe/Berlin] PHP Notice:  Undefined variable: NL_DATA_FILE in /home/peter/Adathalom/public_html/minicms/content/editx.php on line 43
[09-Jul-2018 13:39:16 Europe/Berlin] PHP Warning:  file_put_contents(../config/): failed to open stream: Is a directory in /home/peter/Adathalom/public_html/minicms/content/editx.php on line 128
[09-Jul-2018 13:39:17 Europe/Berlin] PHP Notice:  Undefined variable: NL_DATA_FILE in /home/peter/Adathalom/public_html/minicms/content/editx.php on line 43
[09-Jul-2018 13:39:17 Europe/Berlin] PHP Warning:  file_put_contents(../config/): failed to open stream: Is a directory in /home/peter/Adathalom/public_html/minicms/content/editx.php on line 128
[09-Jul-2018 13:39:24 Europe/Berlin] PHP Notice:  Undefined variable: NL_DATA_FILE in /home/peter/Adathalom/public_html/minicms/content/editx.php on line 43
[09-Jul-2018 13:39:24 Europe/Berlin] PHP Warning:  file_put_contents(../content/): failed to open stream: Is a directory in /home/peter/Adathalom/public_html/minicms/content/editx.php on line 128
[09-Jul-2018 13:40:02 Europe/Berlin] PHP Notice:  Undefined variable: NL_DATA_FILE in /home/peter/Adathalom/public_html/minicms/content/editx.php on line 43
[09-Jul-2018 13:40:02 Europe/Berlin] PHP Warning:  file_put_contents(../content/): failed to open stream: Is a directory in /home/peter/Adathalom/public_html/minicms/content/editx.php on line 128
[09-Jul-2018 13:40:27 Europe/Berlin] PHP Notice:  Undefined variable: NL_DATA_FILE in /home/peter/Adathalom/public_html/minicms/content/editx.php on line 43
[09-Jul-2018 13:40:39 Europe/Berlin] PHP Notice:  Undefined variable: NL_DATA_FILE in /home/peter/Adathalom/public_html/minicms/content/editx.php on line 43
[09-Jul-2018 13:40:39 Europe/Berlin] PHP Warning:  file_put_contents(../content/): failed to open stream: Is a directory in /home/peter/Adathalom/public_html/minicms/content/editx.php on line 128
[09-Jul-2018 13:41:27 Europe/Berlin] PHP Notice:  Undefined variable: NL_DATA_FILE in /home/peter/Adathalom/public_html/minicms/content/editx.php on line 43
[09-Jul-2018 13:41:27 Europe/Berlin] PHP Warning:  file_put_contents(../content/): failed to open stream: Is a directory in /home/peter/Adathalom/public_html/minicms/content/editx.php on line 129
[09-Jul-2018 13:49:52 Europe/Berlin] PHP Notice:  Undefined variable: NL_ERROR in /home/peter/Adathalom/public_html/minicms/content/admin.php on line 34
[09-Jul-2018 13:50:44 Europe/Berlin] PHP Notice:  Undefined variable: NL_ERROR in /home/peter/Adathalom/public_html/minicms/content/admin.php on line 66
[09-Jul-2018 13:51:50 Europe/Berlin] PHP Notice:  Undefined variable: NL_ERROR in /home/peter/Adathalom/public_html/minicms/content/admin.php on line 66
[09-Jul-2018 13:51:56 Europe/Berlin] PHP Notice:  Undefined variable: NL_ERROR in /home/peter/Adathalom/public_html/minicms/content/admin.php on line 66
