[20-Jul-2018 13:32:57 Europe/Berlin] PHP Fatal error:  Cannot redeclare del_cookie() (previously declared in /home/peter/Adathalom/public_html/minicms/lib/main.php:69) in /home/peter/Adathalom/public_html/minicms/lib/main.php on line 69
[20-Jul-2018 13:33:02 Europe/Berlin] PHP Fatal error:  Cannot redeclare del_cookie() (previously declared in /home/peter/Adathalom/public_html/minicms/lib/main.php:69) in /home/peter/Adathalom/public_html/minicms/lib/main.php on line 69
[20-Jul-2018 13:33:02 Europe/Berlin] PHP Fatal error:  Cannot redeclare del_cookie() (previously declared in /home/peter/Adathalom/public_html/minicms/lib/main.php:69) in /home/peter/Adathalom/public_html/minicms/lib/main.php on line 69
[20-Jul-2018 13:33:03 Europe/Berlin] PHP Fatal error:  Cannot redeclare del_cookie() (previously declared in /home/peter/Adathalom/public_html/minicms/lib/main.php:69) in /home/peter/Adathalom/public_html/minicms/lib/main.php on line 69
[20-Jul-2018 13:33:03 Europe/Berlin] PHP Fatal error:  Cannot redeclare del_cookie() (previously declared in /home/peter/Adathalom/public_html/minicms/lib/main.php:69) in /home/peter/Adathalom/public_html/minicms/lib/main.php on line 69
[20-Jul-2018 13:33:17 Europe/Berlin] PHP Fatal error:  Cannot redeclare del_cookie() (previously declared in /home/peter/Adathalom/public_html/minicms/lib/main.php:69) in /home/peter/Adathalom/public_html/minicms/lib/main.php on line 69
[20-Jul-2018 13:33:48 Europe/Berlin] PHP Fatal error:  Cannot redeclare del_cookie() (previously declared in /home/peter/Adathalom/public_html/minicms/lib/main.php:69) in /home/peter/Adathalom/public_html/minicms/lib/main.php on line 69
[20-Jul-2018 13:33:49 Europe/Berlin] PHP Fatal error:  Cannot redeclare del_cookie() (previously declared in /home/peter/Adathalom/public_html/minicms/lib/main.php:69) in /home/peter/Adathalom/public_html/minicms/lib/main.php on line 69
[20-Jul-2018 13:33:49 Europe/Berlin] PHP Fatal error:  Cannot redeclare del_cookie() (previously declared in /home/peter/Adathalom/public_html/minicms/lib/main.php:69) in /home/peter/Adathalom/public_html/minicms/lib/main.php on line 69
[20-Jul-2018 13:33:49 Europe/Berlin] PHP Fatal error:  Cannot redeclare del_cookie() (previously declared in /home/peter/Adathalom/public_html/minicms/lib/main.php:69) in /home/peter/Adathalom/public_html/minicms/lib/main.php on line 69
[20-Jul-2018 13:33:50 Europe/Berlin] PHP Fatal error:  Cannot redeclare del_cookie() (previously declared in /home/peter/Adathalom/public_html/minicms/lib/main.php:69) in /home/peter/Adathalom/public_html/minicms/lib/main.php on line 69
[20-Jul-2018 13:33:50 Europe/Berlin] PHP Fatal error:  Cannot redeclare del_cookie() (previously declared in /home/peter/Adathalom/public_html/minicms/lib/main.php:69) in /home/peter/Adathalom/public_html/minicms/lib/main.php on line 69
[20-Jul-2018 13:35:46 Europe/Berlin] PHP Fatal error:  Cannot redeclare main() (previously declared in /home/peter/Adathalom/public_html/minicms/lib/main.php:33) in /home/peter/Adathalom/public_html/minicms/lib/main.php on line 39
[20-Jul-2018 13:35:46 Europe/Berlin] PHP Fatal error:  Cannot redeclare main() (previously declared in /home/peter/Adathalom/public_html/minicms/lib/main.php:33) in /home/peter/Adathalom/public_html/minicms/lib/main.php on line 39
[20-Jul-2018 13:35:47 Europe/Berlin] PHP Fatal error:  Cannot redeclare del_cookie() (previously declared in /home/peter/Adathalom/public_html/minicms/lib/main.php:75) in /home/peter/Adathalom/public_html/minicms/lib/main.php on line 75
[20-Jul-2018 13:35:47 Europe/Berlin] PHP Fatal error:  Cannot redeclare del_cookie() (previously declared in /home/peter/Adathalom/public_html/minicms/lib/main.php:75) in /home/peter/Adathalom/public_html/minicms/lib/main.php on line 75
[20-Jul-2018 13:37:09 Europe/Berlin] PHP Fatal error:  Cannot redeclare main() (previously declared in /home/peter/Adathalom/public_html/minicms/lib/main.php:31) in /home/peter/Adathalom/public_html/minicms/lib/main.php on line 38
[20-Jul-2018 13:40:19 Europe/Berlin] PHP Notice:  Undefined variable: SYS_PLUGINS_DIR in /home/peter/Adathalom/public_html/minicms/plugins/pager/pager.php on line 7
[20-Jul-2018 13:40:19 Europe/Berlin] PHP Warning:  include(/pager/pager.css): failed to open stream: No such file or directory in /home/peter/Adathalom/public_html/minicms/plugins/pager/pager.php on line 7
[20-Jul-2018 13:40:19 Europe/Berlin] PHP Warning:  include(): Failed opening '/pager/pager.css' for inclusion (include_path='.:/usr/share/php') in /home/peter/Adathalom/public_html/minicms/plugins/pager/pager.php on line 7
[20-Jul-2018 13:40:19 Europe/Berlin] PHP Notice:  Undefined variable: PAGENAME in /home/peter/Adathalom/public_html/minicms/plugins/pager/pager.php on line 9
[20-Jul-2018 13:40:19 Europe/Berlin] PHP Notice:  Undefined variable: SYS_PLUGINS_DIR in /home/peter/Adathalom/public_html/minicms/plugins/pager/pager.php on line 20
[20-Jul-2018 13:40:19 Europe/Berlin] PHP Warning:  include(/pager/pager.js): failed to open stream: No such file or directory in /home/peter/Adathalom/public_html/minicms/plugins/pager/pager.php on line 20
[20-Jul-2018 13:40:19 Europe/Berlin] PHP Warning:  include(): Failed opening '/pager/pager.js' for inclusion (include_path='.:/usr/share/php') in /home/peter/Adathalom/public_html/minicms/plugins/pager/pager.php on line 20
[20-Jul-2018 13:42:05 Europe/Berlin] PHP Fatal error:  Cannot redeclare del_cookie() (previously declared in /home/peter/Adathalom/public_html/minicms/lib/main.php:79) in /home/peter/Adathalom/public_html/minicms/lib/main.php on line 79
[20-Jul-2018 13:42:31 Europe/Berlin] PHP Fatal error:  Cannot redeclare del_cookie() (previously declared in /home/peter/Adathalom/public_html/minicms/lib/main.php:79) in /home/peter/Adathalom/public_html/minicms/lib/main.php on line 79
[20-Jul-2018 13:42:42 Europe/Berlin] PHP Fatal error:  Cannot redeclare del_cookie() (previously declared in /home/peter/Adathalom/public_html/minicms/lib/main.php:79) in /home/peter/Adathalom/public_html/minicms/lib/main.php on line 79
[20-Jul-2018 13:42:53 Europe/Berlin] PHP Fatal error:  Cannot redeclare del_cookie() (previously declared in /home/peter/Adathalom/public_html/minicms/lib/main.php:79) in /home/peter/Adathalom/public_html/minicms/lib/main.php on line 79
[20-Jul-2018 13:43:32 Europe/Berlin] PHP Fatal error:  Cannot redeclare del_cookie() (previously declared in /home/peter/Adathalom/public_html/minicms/lib/main.php:79) in /home/peter/Adathalom/public_html/minicms/lib/main.php on line 79
[20-Jul-2018 13:44:04 Europe/Berlin] PHP Fatal error:  Cannot redeclare main() (previously declared in /home/peter/Adathalom/public_html/minicms/lib/main.php:31) in /home/peter/Adathalom/public_html/minicms/lib/main.php on line 38
[20-Jul-2018 13:44:22 Europe/Berlin] PHP Fatal error:  Cannot redeclare main() (previously declared in /home/peter/Adathalom/public_html/minicms/lib/main.php:31) in /home/peter/Adathalom/public_html/minicms/lib/main.php on line 38
[20-Jul-2018 13:45:19 Europe/Berlin] PHP Fatal error:  Cannot redeclare del_cookie() (previously declared in /home/peter/Adathalom/public_html/minicms/lib/main.php:79) in /home/peter/Adathalom/public_html/minicms/lib/main.php on line 79
[20-Jul-2018 13:49:05 Europe/Berlin] PHP Fatal error:  Cannot redeclare del_cookie() (previously declared in /home/peter/Adathalom/public_html/minicms/lib/main.php:79) in /home/peter/Adathalom/public_html/minicms/lib/main.php on line 79
[20-Jul-2018 13:49:11 Europe/Berlin] PHP Fatal error:  Cannot redeclare del_cookie() (previously declared in /home/peter/Adathalom/public_html/minicms/lib/main.php:79) in /home/peter/Adathalom/public_html/minicms/lib/main.php on line 79
[20-Jul-2018 13:49:11 Europe/Berlin] PHP Fatal error:  Cannot redeclare del_cookie() (previously declared in /home/peter/Adathalom/public_html/minicms/lib/main.php:79) in /home/peter/Adathalom/public_html/minicms/lib/main.php on line 79
[20-Jul-2018 13:49:12 Europe/Berlin] PHP Fatal error:  Cannot redeclare del_cookie() (previously declared in /home/peter/Adathalom/public_html/minicms/lib/main.php:79) in /home/peter/Adathalom/public_html/minicms/lib/main.php on line 79
[20-Jul-2018 13:49:12 Europe/Berlin] PHP Fatal error:  Cannot redeclare del_cookie() (previously declared in /home/peter/Adathalom/public_html/minicms/lib/main.php:79) in /home/peter/Adathalom/public_html/minicms/lib/main.php on line 79
[20-Jul-2018 13:49:59 Europe/Berlin] PHP Fatal error:  Cannot redeclare del_cookie() (previously declared in /home/peter/Adathalom/public_html/minicms/lib/main.php:79) in /home/peter/Adathalom/public_html/minicms/lib/main.php on line 79
[20-Jul-2018 13:50:00 Europe/Berlin] PHP Fatal error:  Cannot redeclare del_cookie() (previously declared in /home/peter/Adathalom/public_html/minicms/lib/main.php:79) in /home/peter/Adathalom/public_html/minicms/lib/main.php on line 79
[20-Jul-2018 13:50:04 Europe/Berlin] PHP Fatal error:  Cannot redeclare del_cookie() (previously declared in /home/peter/Adathalom/public_html/minicms/lib/main.php:79) in /home/peter/Adathalom/public_html/minicms/lib/main.php on line 79
[20-Jul-2018 13:50:04 Europe/Berlin] PHP Fatal error:  Cannot redeclare del_cookie() (previously declared in /home/peter/Adathalom/public_html/minicms/lib/main.php:79) in /home/peter/Adathalom/public_html/minicms/lib/main.php on line 79
[20-Jul-2018 13:50:05 Europe/Berlin] PHP Fatal error:  Cannot redeclare del_cookie() (previously declared in /home/peter/Adathalom/public_html/minicms/lib/main.php:79) in /home/peter/Adathalom/public_html/minicms/lib/main.php on line 79
[20-Jul-2018 13:50:28 Europe/Berlin] PHP Fatal error:  Cannot redeclare del_cookie() (previously declared in /home/peter/Adathalom/public_html/minicms/lib/main.php:79) in /home/peter/Adathalom/public_html/minicms/lib/main.php on line 79
[20-Jul-2018 13:50:28 Europe/Berlin] PHP Fatal error:  Cannot redeclare del_cookie() (previously declared in /home/peter/Adathalom/public_html/minicms/lib/main.php:79) in /home/peter/Adathalom/public_html/minicms/lib/main.php on line 79
[20-Jul-2018 13:50:29 Europe/Berlin] PHP Fatal error:  Cannot redeclare del_cookie() (previously declared in /home/peter/Adathalom/public_html/minicms/lib/main.php:79) in /home/peter/Adathalom/public_html/minicms/lib/main.php on line 79
[20-Jul-2018 13:50:29 Europe/Berlin] PHP Fatal error:  Cannot redeclare del_cookie() (previously declared in /home/peter/Adathalom/public_html/minicms/lib/main.php:79) in /home/peter/Adathalom/public_html/minicms/lib/main.php on line 79
[20-Jul-2018 13:50:30 Europe/Berlin] PHP Fatal error:  Cannot redeclare del_cookie() (previously declared in /home/peter/Adathalom/public_html/minicms/lib/main.php:79) in /home/peter/Adathalom/public_html/minicms/lib/main.php on line 79
[20-Jul-2018 13:50:30 Europe/Berlin] PHP Fatal error:  Cannot redeclare del_cookie() (previously declared in /home/peter/Adathalom/public_html/minicms/lib/main.php:79) in /home/peter/Adathalom/public_html/minicms/lib/main.php on line 79
[20-Jul-2018 13:51:12 Europe/Berlin] PHP Fatal error:  Cannot redeclare del_cookie() (previously declared in /home/peter/Adathalom/public_html/minicms/lib/main.php:79) in /home/peter/Adathalom/public_html/minicms/lib/main.php on line 79
[20-Jul-2018 13:51:21 Europe/Berlin] PHP Fatal error:  Cannot redeclare del_cookie() (previously declared in /home/peter/Adathalom/public_html/minicms/lib/main.php:79) in /home/peter/Adathalom/public_html/minicms/lib/main.php on line 79
[20-Jul-2018 13:53:14 Europe/Berlin] PHP Notice:  Undefined variable: SYS_PLUGINS_DIR in /home/peter/Adathalom/public_html/minicms/plugins/pager/pager.php on line 7
[20-Jul-2018 13:53:14 Europe/Berlin] PHP Warning:  include(/pager/pager.css): failed to open stream: No such file or directory in /home/peter/Adathalom/public_html/minicms/plugins/pager/pager.php on line 7
[20-Jul-2018 13:53:14 Europe/Berlin] PHP Warning:  include(): Failed opening '/pager/pager.css' for inclusion (include_path='.:/usr/share/php') in /home/peter/Adathalom/public_html/minicms/plugins/pager/pager.php on line 7
[20-Jul-2018 13:53:14 Europe/Berlin] PHP Notice:  Undefined variable: PAGENAME in /home/peter/Adathalom/public_html/minicms/plugins/pager/pager.php on line 9
[20-Jul-2018 13:53:14 Europe/Berlin] PHP Notice:  Undefined variable: SYS_PLUGINS_DIR in /home/peter/Adathalom/public_html/minicms/plugins/pager/pager.php on line 20
[20-Jul-2018 13:53:14 Europe/Berlin] PHP Warning:  include(/pager/pager.js): failed to open stream: No such file or directory in /home/peter/Adathalom/public_html/minicms/plugins/pager/pager.php on line 20
[20-Jul-2018 13:53:14 Europe/Berlin] PHP Warning:  include(): Failed opening '/pager/pager.js' for inclusion (include_path='.:/usr/share/php') in /home/peter/Adathalom/public_html/minicms/plugins/pager/pager.php on line 20
[20-Jul-2018 13:57:44 Europe/Berlin] PHP Notice:  Undefined variable: SYS_PLUGINS_DIR in /home/peter/Adathalom/public_html/minicms/plugins/pager/pager.php on line 7
[20-Jul-2018 13:57:44 Europe/Berlin] PHP Warning:  include(/pager/pager.css): failed to open stream: No such file or directory in /home/peter/Adathalom/public_html/minicms/plugins/pager/pager.php on line 7
[20-Jul-2018 13:57:44 Europe/Berlin] PHP Warning:  include(): Failed opening '/pager/pager.css' for inclusion (include_path='.:/usr/share/php') in /home/peter/Adathalom/public_html/minicms/plugins/pager/pager.php on line 7
[20-Jul-2018 13:57:44 Europe/Berlin] PHP Notice:  Undefined variable: PAGENAME in /home/peter/Adathalom/public_html/minicms/plugins/pager/pager.php on line 9
[20-Jul-2018 13:57:44 Europe/Berlin] PHP Notice:  Undefined variable: SYS_PLUGINS_DIR in /home/peter/Adathalom/public_html/minicms/plugins/pager/pager.php on line 21
[20-Jul-2018 13:57:44 Europe/Berlin] PHP Warning:  include(/pager/pager.js): failed to open stream: No such file or directory in /home/peter/Adathalom/public_html/minicms/plugins/pager/pager.php on line 21
[20-Jul-2018 13:57:44 Europe/Berlin] PHP Warning:  include(): Failed opening '/pager/pager.js' for inclusion (include_path='.:/usr/share/php') in /home/peter/Adathalom/public_html/minicms/plugins/pager/pager.php on line 21
[20-Jul-2018 14:02:14 Europe/Berlin] PHP Notice:  Undefined variable: SYS_PLUGINS_DIR in /home/peter/Adathalom/public_html/minicms/plugins/pager/pager.php on line 7
[20-Jul-2018 14:02:14 Europe/Berlin] PHP Warning:  include(/pager/pager.css): failed to open stream: No such file or directory in /home/peter/Adathalom/public_html/minicms/plugins/pager/pager.php on line 7
[20-Jul-2018 14:02:14 Europe/Berlin] PHP Warning:  include(): Failed opening '/pager/pager.css' for inclusion (include_path='.:/usr/share/php') in /home/peter/Adathalom/public_html/minicms/plugins/pager/pager.php on line 7
[20-Jul-2018 14:02:14 Europe/Berlin] PHP Notice:  Undefined variable: PAGENAME in /home/peter/Adathalom/public_html/minicms/plugins/pager/pager.php on line 9
[20-Jul-2018 14:02:14 Europe/Berlin] PHP Notice:  Undefined variable: SYS_PLUGINS_DIR in /home/peter/Adathalom/public_html/minicms/plugins/pager/pager.php on line 23
[20-Jul-2018 14:02:14 Europe/Berlin] PHP Warning:  include(/pager/pager.js): failed to open stream: No such file or directory in /home/peter/Adathalom/public_html/minicms/plugins/pager/pager.php on line 23
[20-Jul-2018 14:02:14 Europe/Berlin] PHP Warning:  include(): Failed opening '/pager/pager.js' for inclusion (include_path='.:/usr/share/php') in /home/peter/Adathalom/public_html/minicms/plugins/pager/pager.php on line 23
[20-Jul-2018 14:03:10 Europe/Berlin] PHP Notice:  Undefined variable: SYS_PLUGINS_DIR in /home/peter/Adathalom/public_html/minicms/plugins/pager/pager.php on line 7
[20-Jul-2018 14:03:10 Europe/Berlin] PHP Warning:  include(/pager/pager.css): failed to open stream: No such file or directory in /home/peter/Adathalom/public_html/minicms/plugins/pager/pager.php on line 7
[20-Jul-2018 14:03:10 Europe/Berlin] PHP Warning:  include(): Failed opening '/pager/pager.css' for inclusion (include_path='.:/usr/share/php') in /home/peter/Adathalom/public_html/minicms/plugins/pager/pager.php on line 7
[20-Jul-2018 14:03:10 Europe/Berlin] PHP Notice:  Undefined variable: PAGENAME in /home/peter/Adathalom/public_html/minicms/plugins/pager/pager.php on line 9
[20-Jul-2018 14:03:10 Europe/Berlin] PHP Notice:  Undefined variable: SYS_PLUGINS_DIR in /home/peter/Adathalom/public_html/minicms/plugins/pager/pager.php on line 23
[20-Jul-2018 14:03:10 Europe/Berlin] PHP Warning:  include(/pager/pager.js): failed to open stream: No such file or directory in /home/peter/Adathalom/public_html/minicms/plugins/pager/pager.php on line 23
[20-Jul-2018 14:03:10 Europe/Berlin] PHP Warning:  include(): Failed opening '/pager/pager.js' for inclusion (include_path='.:/usr/share/php') in /home/peter/Adathalom/public_html/minicms/plugins/pager/pager.php on line 23
[20-Jul-2018 14:04:41 Europe/Berlin] PHP Notice:  Undefined variable: SYS_PLUGINS_DIR in /home/peter/Adathalom/public_html/minicms/plugins/pager/pager.php on line 7
[20-Jul-2018 14:04:41 Europe/Berlin] PHP Warning:  include(/pager/pager.css): failed to open stream: No such file or directory in /home/peter/Adathalom/public_html/minicms/plugins/pager/pager.php on line 7
[20-Jul-2018 14:04:41 Europe/Berlin] PHP Warning:  include(): Failed opening '/pager/pager.css' for inclusion (include_path='.:/usr/share/php') in /home/peter/Adathalom/public_html/minicms/plugins/pager/pager.php on line 7
[20-Jul-2018 14:04:41 Europe/Berlin] PHP Notice:  Undefined variable: PAGENAME in /home/peter/Adathalom/public_html/minicms/plugins/pager/pager.php on line 9
[20-Jul-2018 14:04:41 Europe/Berlin] PHP Notice:  Undefined variable: SYS_PLUGINS_DIR in /home/peter/Adathalom/public_html/minicms/plugins/pager/pager.php on line 23
[20-Jul-2018 14:04:41 Europe/Berlin] PHP Warning:  include(/pager/pager.js): failed to open stream: No such file or directory in /home/peter/Adathalom/public_html/minicms/plugins/pager/pager.php on line 23
[20-Jul-2018 14:04:41 Europe/Berlin] PHP Warning:  include(): Failed opening '/pager/pager.js' for inclusion (include_path='.:/usr/share/php') in /home/peter/Adathalom/public_html/minicms/plugins/pager/pager.php on line 23
[20-Jul-2018 14:04:58 Europe/Berlin] PHP Notice:  Undefined variable: SYS_PLUGINS_DIR in /home/peter/Adathalom/public_html/minicms/plugins/pager/pager.php on line 7
[20-Jul-2018 14:04:58 Europe/Berlin] PHP Warning:  include(/pager/pager.css): failed to open stream: No such file or directory in /home/peter/Adathalom/public_html/minicms/plugins/pager/pager.php on line 7
[20-Jul-2018 14:04:58 Europe/Berlin] PHP Warning:  include(): Failed opening '/pager/pager.css' for inclusion (include_path='.:/usr/share/php') in /home/peter/Adathalom/public_html/minicms/plugins/pager/pager.php on line 7
[20-Jul-2018 14:04:58 Europe/Berlin] PHP Notice:  Undefined variable: PAGENAME in /home/peter/Adathalom/public_html/minicms/plugins/pager/pager.php on line 9
[20-Jul-2018 14:04:58 Europe/Berlin] PHP Notice:  Undefined variable: SYS_PLUGINS_DIR in /home/peter/Adathalom/public_html/minicms/plugins/pager/pager.php on line 24
[20-Jul-2018 14:04:58 Europe/Berlin] PHP Warning:  include(/pager/pager.js): failed to open stream: No such file or directory in /home/peter/Adathalom/public_html/minicms/plugins/pager/pager.php on line 24
[20-Jul-2018 14:04:58 Europe/Berlin] PHP Warning:  include(): Failed opening '/pager/pager.js' for inclusion (include_path='.:/usr/share/php') in /home/peter/Adathalom/public_html/minicms/plugins/pager/pager.php on line 24
[20-Jul-2018 14:06:01 Europe/Berlin] PHP Notice:  Undefined variable: SYS_PLUGINS_DIR in /home/peter/Adathalom/public_html/minicms/plugins/pager/pager.php on line 7
[20-Jul-2018 14:06:01 Europe/Berlin] PHP Warning:  include(/pager/pager.css): failed to open stream: No such file or directory in /home/peter/Adathalom/public_html/minicms/plugins/pager/pager.php on line 7
[20-Jul-2018 14:06:01 Europe/Berlin] PHP Warning:  include(): Failed opening '/pager/pager.css' for inclusion (include_path='.:/usr/share/php') in /home/peter/Adathalom/public_html/minicms/plugins/pager/pager.php on line 7
[20-Jul-2018 14:06:01 Europe/Berlin] PHP Notice:  Undefined variable: PAGENAME in /home/peter/Adathalom/public_html/minicms/plugins/pager/pager.php on line 9
[20-Jul-2018 14:06:01 Europe/Berlin] PHP Notice:  Undefined variable: SYS_PLUGINS_DIR in /home/peter/Adathalom/public_html/minicms/plugins/pager/pager.php on line 25
[20-Jul-2018 14:06:01 Europe/Berlin] PHP Warning:  include(/pager/pager.js): failed to open stream: No such file or directory in /home/peter/Adathalom/public_html/minicms/plugins/pager/pager.php on line 25
[20-Jul-2018 14:06:01 Europe/Berlin] PHP Warning:  include(): Failed opening '/pager/pager.js' for inclusion (include_path='.:/usr/share/php') in /home/peter/Adathalom/public_html/minicms/plugins/pager/pager.php on line 25
[20-Jul-2018 14:06:55 Europe/Berlin] PHP Parse error:  syntax error, unexpected ';', expecting ',' or ')' in /home/peter/Adathalom/public_html/minicms/content/admin.php on line 136
[20-Jul-2018 14:07:04 Europe/Berlin] PHP Notice:  Undefined variable: SYS_PLUGINS_DIR in /home/peter/Adathalom/public_html/minicms/plugins/pager/pager.php on line 7
[20-Jul-2018 14:07:04 Europe/Berlin] PHP Warning:  include(/pager/pager.css): failed to open stream: No such file or directory in /home/peter/Adathalom/public_html/minicms/plugins/pager/pager.php on line 7
[20-Jul-2018 14:07:04 Europe/Berlin] PHP Warning:  include(): Failed opening '/pager/pager.css' for inclusion (include_path='.:/usr/share/php') in /home/peter/Adathalom/public_html/minicms/plugins/pager/pager.php on line 7
[20-Jul-2018 14:07:04 Europe/Berlin] PHP Notice:  Undefined variable: PAGENAME in /home/peter/Adathalom/public_html/minicms/plugins/pager/pager.php on line 9
[20-Jul-2018 14:07:04 Europe/Berlin] PHP Notice:  Undefined variable: SYS_PLUGINS_DIR in /home/peter/Adathalom/public_html/minicms/plugins/pager/pager.php on line 25
[20-Jul-2018 14:07:04 Europe/Berlin] PHP Warning:  include(/pager/pager.js): failed to open stream: No such file or directory in /home/peter/Adathalom/public_html/minicms/plugins/pager/pager.php on line 25
[20-Jul-2018 14:07:04 Europe/Berlin] PHP Warning:  include(): Failed opening '/pager/pager.js' for inclusion (include_path='.:/usr/share/php') in /home/peter/Adathalom/public_html/minicms/plugins/pager/pager.php on line 25
[20-Jul-2018 14:09:21 Europe/Berlin] PHP Notice:  Undefined variable: SYS_PLUGINS_DIR in /home/peter/Adathalom/public_html/minicms/plugins/pager/pager.php on line 7
[20-Jul-2018 14:09:21 Europe/Berlin] PHP Warning:  include(/pager/pager.css): failed to open stream: No such file or directory in /home/peter/Adathalom/public_html/minicms/plugins/pager/pager.php on line 7
[20-Jul-2018 14:09:21 Europe/Berlin] PHP Warning:  include(): Failed opening '/pager/pager.css' for inclusion (include_path='.:/usr/share/php') in /home/peter/Adathalom/public_html/minicms/plugins/pager/pager.php on line 7
[20-Jul-2018 14:09:21 Europe/Berlin] PHP Notice:  Undefined variable: PAGENAME in /home/peter/Adathalom/public_html/minicms/plugins/pager/pager.php on line 9
[20-Jul-2018 14:09:21 Europe/Berlin] PHP Notice:  Undefined variable: SYS_PLUGINS_DIR in /home/peter/Adathalom/public_html/minicms/plugins/pager/pager.php on line 29
[20-Jul-2018 14:09:21 Europe/Berlin] PHP Warning:  include(/pager/pager.js): failed to open stream: No such file or directory in /home/peter/Adathalom/public_html/minicms/plugins/pager/pager.php on line 29
[20-Jul-2018 14:09:21 Europe/Berlin] PHP Warning:  include(): Failed opening '/pager/pager.js' for inclusion (include_path='.:/usr/share/php') in /home/peter/Adathalom/public_html/minicms/plugins/pager/pager.php on line 29
[20-Jul-2018 14:11:33 Europe/Berlin] PHP Notice:  Undefined variable: SYS_PLUGINS_DIR in /home/peter/Adathalom/public_html/minicms/plugins/pager/pager.php on line 7
[20-Jul-2018 14:11:33 Europe/Berlin] PHP Warning:  include(/pager/pager.css): failed to open stream: No such file or directory in /home/peter/Adathalom/public_html/minicms/plugins/pager/pager.php on line 7
[20-Jul-2018 14:11:33 Europe/Berlin] PHP Warning:  include(): Failed opening '/pager/pager.css' for inclusion (include_path='.:/usr/share/php') in /home/peter/Adathalom/public_html/minicms/plugins/pager/pager.php on line 7
[20-Jul-2018 14:11:33 Europe/Berlin] PHP Notice:  Undefined variable: PAGENAME in /home/peter/Adathalom/public_html/minicms/plugins/pager/pager.php on line 9
[20-Jul-2018 14:11:33 Europe/Berlin] PHP Notice:  Undefined variable: SYS_PLUGINS_DIR in /home/peter/Adathalom/public_html/minicms/plugins/pager/pager.php on line 34
[20-Jul-2018 14:11:33 Europe/Berlin] PHP Warning:  include(/pager/pager.js): failed to open stream: No such file or directory in /home/peter/Adathalom/public_html/minicms/plugins/pager/pager.php on line 34
[20-Jul-2018 14:11:33 Europe/Berlin] PHP Warning:  include(): Failed opening '/pager/pager.js' for inclusion (include_path='.:/usr/share/php') in /home/peter/Adathalom/public_html/minicms/plugins/pager/pager.php on line 34
[20-Jul-2018 14:12:11 Europe/Berlin] PHP Notice:  Undefined variable: SYS_PLUGINS_DIR in /home/peter/Adathalom/public_html/minicms/plugins/pager/pager.php on line 7
[20-Jul-2018 14:12:11 Europe/Berlin] PHP Warning:  include(/pager/pager.css): failed to open stream: No such file or directory in /home/peter/Adathalom/public_html/minicms/plugins/pager/pager.php on line 7
[20-Jul-2018 14:12:11 Europe/Berlin] PHP Warning:  include(): Failed opening '/pager/pager.css' for inclusion (include_path='.:/usr/share/php') in /home/peter/Adathalom/public_html/minicms/plugins/pager/pager.php on line 7
[20-Jul-2018 14:12:11 Europe/Berlin] PHP Notice:  Undefined variable: PAGENAME in /home/peter/Adathalom/public_html/minicms/plugins/pager/pager.php on line 9
[20-Jul-2018 14:12:11 Europe/Berlin] PHP Notice:  Undefined variable: SYS_PLUGINS_DIR in /home/peter/Adathalom/public_html/minicms/plugins/pager/pager.php on line 34
[20-Jul-2018 14:12:11 Europe/Berlin] PHP Warning:  include(/pager/pager.js): failed to open stream: No such file or directory in /home/peter/Adathalom/public_html/minicms/plugins/pager/pager.php on line 34
[20-Jul-2018 14:12:11 Europe/Berlin] PHP Warning:  include(): Failed opening '/pager/pager.js' for inclusion (include_path='.:/usr/share/php') in /home/peter/Adathalom/public_html/minicms/plugins/pager/pager.php on line 34
[20-Jul-2018 14:12:17 Europe/Berlin] PHP Notice:  Undefined variable: SYS_PLUGINS_DIR in /home/peter/Adathalom/public_html/minicms/plugins/pager/pager.php on line 7
[20-Jul-2018 14:12:17 Europe/Berlin] PHP Warning:  include(/pager/pager.css): failed to open stream: No such file or directory in /home/peter/Adathalom/public_html/minicms/plugins/pager/pager.php on line 7
[20-Jul-2018 14:12:17 Europe/Berlin] PHP Warning:  include(): Failed opening '/pager/pager.css' for inclusion (include_path='.:/usr/share/php') in /home/peter/Adathalom/public_html/minicms/plugins/pager/pager.php on line 7
[20-Jul-2018 14:12:17 Europe/Berlin] PHP Notice:  Undefined variable: PAGENAME in /home/peter/Adathalom/public_html/minicms/plugins/pager/pager.php on line 9
[20-Jul-2018 14:12:17 Europe/Berlin] PHP Notice:  Undefined variable: SYS_PLUGINS_DIR in /home/peter/Adathalom/public_html/minicms/plugins/pager/pager.php on line 34
[20-Jul-2018 14:12:17 Europe/Berlin] PHP Warning:  include(/pager/pager.js): failed to open stream: No such file or directory in /home/peter/Adathalom/public_html/minicms/plugins/pager/pager.php on line 34
[20-Jul-2018 14:12:17 Europe/Berlin] PHP Warning:  include(): Failed opening '/pager/pager.js' for inclusion (include_path='.:/usr/share/php') in /home/peter/Adathalom/public_html/minicms/plugins/pager/pager.php on line 34
[20-Jul-2018 14:12:25 Europe/Berlin] PHP Notice:  Undefined variable: SYS_PLUGINS_DIR in /home/peter/Adathalom/public_html/minicms/plugins/pager/pager.php on line 7
[20-Jul-2018 14:12:25 Europe/Berlin] PHP Warning:  include(/pager/pager.css): failed to open stream: No such file or directory in /home/peter/Adathalom/public_html/minicms/plugins/pager/pager.php on line 7
[20-Jul-2018 14:12:25 Europe/Berlin] PHP Warning:  include(): Failed opening '/pager/pager.css' for inclusion (include_path='.:/usr/share/php') in /home/peter/Adathalom/public_html/minicms/plugins/pager/pager.php on line 7
[20-Jul-2018 14:12:25 Europe/Berlin] PHP Notice:  Undefined variable: PAGENAME in /home/peter/Adathalom/public_html/minicms/plugins/pager/pager.php on line 9
[20-Jul-2018 14:12:25 Europe/Berlin] PHP Notice:  Undefined variable: SYS_PLUGINS_DIR in /home/peter/Adathalom/public_html/minicms/plugins/pager/pager.php on line 34
[20-Jul-2018 14:12:25 Europe/Berlin] PHP Warning:  include(/pager/pager.js): failed to open stream: No such file or directory in /home/peter/Adathalom/public_html/minicms/plugins/pager/pager.php on line 34
[20-Jul-2018 14:12:25 Europe/Berlin] PHP Warning:  include(): Failed opening '/pager/pager.js' for inclusion (include_path='.:/usr/share/php') in /home/peter/Adathalom/public_html/minicms/plugins/pager/pager.php on line 34
[20-Jul-2018 14:13:24 Europe/Berlin] PHP Notice:  Undefined variable: SYS_PLUGINS_DIR in /home/peter/Adathalom/public_html/minicms/plugins/pager/pager.php on line 7
[20-Jul-2018 14:13:24 Europe/Berlin] PHP Warning:  include(/pager/pager.css): failed to open stream: No such file or directory in /home/peter/Adathalom/public_html/minicms/plugins/pager/pager.php on line 7
[20-Jul-2018 14:13:24 Europe/Berlin] PHP Warning:  include(): Failed opening '/pager/pager.css' for inclusion (include_path='.:/usr/share/php') in /home/peter/Adathalom/public_html/minicms/plugins/pager/pager.php on line 7
[20-Jul-2018 14:13:24 Europe/Berlin] PHP Notice:  Undefined variable: PAGENAME in /home/peter/Adathalom/public_html/minicms/plugins/pager/pager.php on line 9
[20-Jul-2018 14:13:24 Europe/Berlin] PHP Notice:  Undefined variable: SYS_PLUGINS_DIR in /home/peter/Adathalom/public_html/minicms/plugins/pager/pager.php on line 34
[20-Jul-2018 14:13:24 Europe/Berlin] PHP Warning:  include(/pager/pager.js): failed to open stream: No such file or directory in /home/peter/Adathalom/public_html/minicms/plugins/pager/pager.php on line 34
[20-Jul-2018 14:13:24 Europe/Berlin] PHP Warning:  include(): Failed opening '/pager/pager.js' for inclusion (include_path='.:/usr/share/php') in /home/peter/Adathalom/public_html/minicms/plugins/pager/pager.php on line 34
[20-Jul-2018 14:13:33 Europe/Berlin] PHP Notice:  Undefined variable: SYS_PLUGINS_DIR in /home/peter/Adathalom/public_html/minicms/plugins/pager/pager.php on line 7
[20-Jul-2018 14:13:33 Europe/Berlin] PHP Warning:  include(/pager/pager.css): failed to open stream: No such file or directory in /home/peter/Adathalom/public_html/minicms/plugins/pager/pager.php on line 7
[20-Jul-2018 14:13:33 Europe/Berlin] PHP Warning:  include(): Failed opening '/pager/pager.css' for inclusion (include_path='.:/usr/share/php') in /home/peter/Adathalom/public_html/minicms/plugins/pager/pager.php on line 7
[20-Jul-2018 14:13:33 Europe/Berlin] PHP Notice:  Undefined variable: PAGENAME in /home/peter/Adathalom/public_html/minicms/plugins/pager/pager.php on line 9
[20-Jul-2018 14:13:33 Europe/Berlin] PHP Notice:  Undefined variable: SYS_PLUGINS_DIR in /home/peter/Adathalom/public_html/minicms/plugins/pager/pager.php on line 34
[20-Jul-2018 14:13:33 Europe/Berlin] PHP Warning:  include(/pager/pager.js): failed to open stream: No such file or directory in /home/peter/Adathalom/public_html/minicms/plugins/pager/pager.php on line 34
[20-Jul-2018 14:13:33 Europe/Berlin] PHP Warning:  include(): Failed opening '/pager/pager.js' for inclusion (include_path='.:/usr/share/php') in /home/peter/Adathalom/public_html/minicms/plugins/pager/pager.php on line 34
[20-Jul-2018 14:13:40 Europe/Berlin] PHP Notice:  Undefined variable: NL_ERROR in /home/peter/Adathalom/public_html/minicms/content/admin.php on line 73
[20-Jul-2018 14:13:40 Europe/Berlin] PHP Notice:  Undefined variable: NL_BADPASS in /home/peter/Adathalom/public_html/minicms/content/admin.php on line 73
[20-Jul-2018 14:13:44 Europe/Berlin] PHP Notice:  Undefined variable: SYS_PLUGINS_DIR in /home/peter/Adathalom/public_html/minicms/plugins/pager/pager.php on line 7
[20-Jul-2018 14:13:44 Europe/Berlin] PHP Warning:  include(/pager/pager.css): failed to open stream: No such file or directory in /home/peter/Adathalom/public_html/minicms/plugins/pager/pager.php on line 7
[20-Jul-2018 14:13:44 Europe/Berlin] PHP Warning:  include(): Failed opening '/pager/pager.css' for inclusion (include_path='.:/usr/share/php') in /home/peter/Adathalom/public_html/minicms/plugins/pager/pager.php on line 7
[20-Jul-2018 14:13:44 Europe/Berlin] PHP Notice:  Undefined variable: PAGENAME in /home/peter/Adathalom/public_html/minicms/plugins/pager/pager.php on line 9
[20-Jul-2018 14:13:44 Europe/Berlin] PHP Notice:  Undefined variable: SYS_PLUGINS_DIR in /home/peter/Adathalom/public_html/minicms/plugins/pager/pager.php on line 34
[20-Jul-2018 14:13:44 Europe/Berlin] PHP Warning:  include(/pager/pager.js): failed to open stream: No such file or directory in /home/peter/Adathalom/public_html/minicms/plugins/pager/pager.php on line 34
[20-Jul-2018 14:13:44 Europe/Berlin] PHP Warning:  include(): Failed opening '/pager/pager.js' for inclusion (include_path='.:/usr/share/php') in /home/peter/Adathalom/public_html/minicms/plugins/pager/pager.php on line 34
[20-Jul-2018 14:13:58 Europe/Berlin] PHP Notice:  Undefined variable: SYS_PLUGINS_DIR in /home/peter/Adathalom/public_html/minicms/plugins/pager/pager.php on line 7
[20-Jul-2018 14:13:58 Europe/Berlin] PHP Warning:  include(/pager/pager.css): failed to open stream: No such file or directory in /home/peter/Adathalom/public_html/minicms/plugins/pager/pager.php on line 7
[20-Jul-2018 14:13:58 Europe/Berlin] PHP Warning:  include(): Failed opening '/pager/pager.css' for inclusion (include_path='.:/usr/share/php') in /home/peter/Adathalom/public_html/minicms/plugins/pager/pager.php on line 7
[20-Jul-2018 14:13:58 Europe/Berlin] PHP Notice:  Undefined variable: PAGENAME in /home/peter/Adathalom/public_html/minicms/plugins/pager/pager.php on line 9
[20-Jul-2018 14:13:58 Europe/Berlin] PHP Notice:  Undefined variable: SYS_PLUGINS_DIR in /home/peter/Adathalom/public_html/minicms/plugins/pager/pager.php on line 34
[20-Jul-2018 14:13:58 Europe/Berlin] PHP Warning:  include(/pager/pager.js): failed to open stream: No such file or directory in /home/peter/Adathalom/public_html/minicms/plugins/pager/pager.php on line 34
[20-Jul-2018 14:13:58 Europe/Berlin] PHP Warning:  include(): Failed opening '/pager/pager.js' for inclusion (include_path='.:/usr/share/php') in /home/peter/Adathalom/public_html/minicms/plugins/pager/pager.php on line 34
[20-Jul-2018 14:14:15 Europe/Berlin] PHP Notice:  Undefined variable: SYS_PLUGINS_DIR in /home/peter/Adathalom/public_html/minicms/plugins/pager/pager.php on line 7
[20-Jul-2018 14:14:15 Europe/Berlin] PHP Warning:  include(/pager/pager.css): failed to open stream: No such file or directory in /home/peter/Adathalom/public_html/minicms/plugins/pager/pager.php on line 7
[20-Jul-2018 14:14:15 Europe/Berlin] PHP Warning:  include(): Failed opening '/pager/pager.css' for inclusion (include_path='.:/usr/share/php') in /home/peter/Adathalom/public_html/minicms/plugins/pager/pager.php on line 7
[20-Jul-2018 14:14:15 Europe/Berlin] PHP Notice:  Undefined variable: SYS_PLUGINS_DIR in /home/peter/Adathalom/public_html/minicms/plugins/pager/pager.php on line 34
[20-Jul-2018 14:14:15 Europe/Berlin] PHP Warning:  include(/pager/pager.js): failed to open stream: No such file or directory in /home/peter/Adathalom/public_html/minicms/plugins/pager/pager.php on line 34
[20-Jul-2018 14:14:15 Europe/Berlin] PHP Warning:  include(): Failed opening '/pager/pager.js' for inclusion (include_path='.:/usr/share/php') in /home/peter/Adathalom/public_html/minicms/plugins/pager/pager.php on line 34
[20-Jul-2018 14:16:31 Europe/Berlin] PHP Notice:  Undefined variable: SYS_PLUGINS_DIR in /home/peter/Adathalom/public_html/minicms/plugins/pager/pager.php on line 7
[20-Jul-2018 14:16:31 Europe/Berlin] PHP Warning:  include(/pager/pager.css): failed to open stream: No such file or directory in /home/peter/Adathalom/public_html/minicms/plugins/pager/pager.php on line 7
[20-Jul-2018 14:16:31 Europe/Berlin] PHP Warning:  include(): Failed opening '/pager/pager.css' for inclusion (include_path='.:/usr/share/php') in /home/peter/Adathalom/public_html/minicms/plugins/pager/pager.php on line 7
[20-Jul-2018 14:16:31 Europe/Berlin] PHP Notice:  Undefined variable: SYS_PLUGINS_DIR in /home/peter/Adathalom/public_html/minicms/plugins/pager/pager.php on line 37
[20-Jul-2018 14:16:31 Europe/Berlin] PHP Warning:  include(/pager/pager.js): failed to open stream: No such file or directory in /home/peter/Adathalom/public_html/minicms/plugins/pager/pager.php on line 37
[20-Jul-2018 14:16:31 Europe/Berlin] PHP Warning:  include(): Failed opening '/pager/pager.js' for inclusion (include_path='.:/usr/share/php') in /home/peter/Adathalom/public_html/minicms/plugins/pager/pager.php on line 37
[20-Jul-2018 14:52:04 Europe/Berlin] PHP Notice:  Undefined variable: SYS_PLUGINS_DIR in /home/peter/Adathalom/public_html/minicms/plugins/pager/pager.php on line 7
[20-Jul-2018 14:52:04 Europe/Berlin] PHP Warning:  include(/pager/pager.css): failed to open stream: No such file or directory in /home/peter/Adathalom/public_html/minicms/plugins/pager/pager.php on line 7
[20-Jul-2018 14:52:04 Europe/Berlin] PHP Warning:  include(): Failed opening '/pager/pager.css' for inclusion (include_path='.:/usr/share/php') in /home/peter/Adathalom/public_html/minicms/plugins/pager/pager.php on line 7
[20-Jul-2018 14:52:04 Europe/Berlin] PHP Notice:  Undefined variable: SYS_PLUGINS_DIR in /home/peter/Adathalom/public_html/minicms/plugins/pager/pager.php on line 56
[20-Jul-2018 14:52:04 Europe/Berlin] PHP Warning:  include(/pager/pager.js): failed to open stream: No such file or directory in /home/peter/Adathalom/public_html/minicms/plugins/pager/pager.php on line 56
[20-Jul-2018 14:52:04 Europe/Berlin] PHP Warning:  include(): Failed opening '/pager/pager.js' for inclusion (include_path='.:/usr/share/php') in /home/peter/Adathalom/public_html/minicms/plugins/pager/pager.php on line 56
[20-Jul-2018 14:55:32 Europe/Berlin] PHP Parse error:  syntax error, unexpected ';', expecting ')' in /home/peter/Adathalom/public_html/minicms/plugins/pager/pager.php on line 3
[20-Jul-2018 14:55:46 Europe/Berlin] PHP Notice:  Undefined variable: SYS_PLUGINS_DIR in /home/peter/Adathalom/public_html/minicms/plugins/pager/pager.php on line 7
[20-Jul-2018 14:55:46 Europe/Berlin] PHP Warning:  include(/pager/pager.css): failed to open stream: No such file or directory in /home/peter/Adathalom/public_html/minicms/plugins/pager/pager.php on line 7
[20-Jul-2018 14:55:46 Europe/Berlin] PHP Warning:  include(): Failed opening '/pager/pager.css' for inclusion (include_path='.:/usr/share/php') in /home/peter/Adathalom/public_html/minicms/plugins/pager/pager.php on line 7
[20-Jul-2018 14:55:46 Europe/Berlin] PHP Notice:  Undefined variable: SYS_PLUGINS_DIR in /home/peter/Adathalom/public_html/minicms/plugins/pager/pager.php on line 58
[20-Jul-2018 14:55:46 Europe/Berlin] PHP Warning:  include(/pager/pager.js): failed to open stream: No such file or directory in /home/peter/Adathalom/public_html/minicms/plugins/pager/pager.php on line 58
[20-Jul-2018 14:55:46 Europe/Berlin] PHP Warning:  include(): Failed opening '/pager/pager.js' for inclusion (include_path='.:/usr/share/php') in /home/peter/Adathalom/public_html/minicms/plugins/pager/pager.php on line 58
[20-Jul-2018 14:56:14 Europe/Berlin] PHP Notice:  Undefined variable: SYS_PLUGINS_DIR in /home/peter/Adathalom/public_html/minicms/plugins/pager/pager.php on line 7
[20-Jul-2018 14:56:14 Europe/Berlin] PHP Warning:  include(/pager/pager.css): failed to open stream: No such file or directory in /home/peter/Adathalom/public_html/minicms/plugins/pager/pager.php on line 7
[20-Jul-2018 14:56:14 Europe/Berlin] PHP Warning:  include(): Failed opening '/pager/pager.css' for inclusion (include_path='.:/usr/share/php') in /home/peter/Adathalom/public_html/minicms/plugins/pager/pager.php on line 7
[20-Jul-2018 14:56:14 Europe/Berlin] PHP Notice:  Undefined variable: SYS_PLUGINS_DIR in /home/peter/Adathalom/public_html/minicms/plugins/pager/pager.php on line 58
[20-Jul-2018 14:56:14 Europe/Berlin] PHP Warning:  include(/pager/pager.js): failed to open stream: No such file or directory in /home/peter/Adathalom/public_html/minicms/plugins/pager/pager.php on line 58
[20-Jul-2018 14:56:14 Europe/Berlin] PHP Warning:  include(): Failed opening '/pager/pager.js' for inclusion (include_path='.:/usr/share/php') in /home/peter/Adathalom/public_html/minicms/plugins/pager/pager.php on line 58
[20-Jul-2018 14:58:04 Europe/Berlin] PHP Notice:  Undefined variable: SYS_PLUGINS_DIR in /home/peter/Adathalom/public_html/minicms/plugins/pager/pager.php on line 9
[20-Jul-2018 14:58:04 Europe/Berlin] PHP Warning:  include(/pager/pager.css): failed to open stream: No such file or directory in /home/peter/Adathalom/public_html/minicms/plugins/pager/pager.php on line 9
[20-Jul-2018 14:58:04 Europe/Berlin] PHP Warning:  include(): Failed opening '/pager/pager.css' for inclusion (include_path='.:/usr/share/php') in /home/peter/Adathalom/public_html/minicms/plugins/pager/pager.php on line 9
[20-Jul-2018 14:58:04 Europe/Berlin] PHP Notice:  Undefined variable: SYS_PLUGINS_DIR in /home/peter/Adathalom/public_html/minicms/plugins/pager/pager.php on line 60
[20-Jul-2018 14:58:04 Europe/Berlin] PHP Warning:  include(/pager/pager.js): failed to open stream: No such file or directory in /home/peter/Adathalom/public_html/minicms/plugins/pager/pager.php on line 60
[20-Jul-2018 14:58:04 Europe/Berlin] PHP Warning:  include(): Failed opening '/pager/pager.js' for inclusion (include_path='.:/usr/share/php') in /home/peter/Adathalom/public_html/minicms/plugins/pager/pager.php on line 60
[20-Jul-2018 14:59:35 Europe/Berlin] PHP Notice:  Undefined variable: SYS_PLUGINS_DIR in /home/peter/Adathalom/public_html/minicms/plugins/pager/pager.php on line 9
[20-Jul-2018 14:59:35 Europe/Berlin] PHP Warning:  include(/pager/pager.css): failed to open stream: No such file or directory in /home/peter/Adathalom/public_html/minicms/plugins/pager/pager.php on line 9
[20-Jul-2018 14:59:35 Europe/Berlin] PHP Warning:  include(): Failed opening '/pager/pager.css' for inclusion (include_path='.:/usr/share/php') in /home/peter/Adathalom/public_html/minicms/plugins/pager/pager.php on line 9
[20-Jul-2018 14:59:35 Europe/Berlin] PHP Notice:  Undefined variable: SYS_PLUGINS_DIR in /home/peter/Adathalom/public_html/minicms/plugins/pager/pager.php on line 60
[20-Jul-2018 14:59:35 Europe/Berlin] PHP Warning:  include(/pager/pager.js): failed to open stream: No such file or directory in /home/peter/Adathalom/public_html/minicms/plugins/pager/pager.php on line 60
[20-Jul-2018 14:59:35 Europe/Berlin] PHP Warning:  include(): Failed opening '/pager/pager.js' for inclusion (include_path='.:/usr/share/php') in /home/peter/Adathalom/public_html/minicms/plugins/pager/pager.php on line 60
[20-Jul-2018 14:59:44 Europe/Berlin] PHP Notice:  Undefined variable: SYS_PLUGINS_DIR in /home/peter/Adathalom/public_html/minicms/plugins/pager/pager.php on line 9
[20-Jul-2018 14:59:44 Europe/Berlin] PHP Warning:  include(/pager/pager.css): failed to open stream: No such file or directory in /home/peter/Adathalom/public_html/minicms/plugins/pager/pager.php on line 9
[20-Jul-2018 14:59:44 Europe/Berlin] PHP Warning:  include(): Failed opening '/pager/pager.css' for inclusion (include_path='.:/usr/share/php') in /home/peter/Adathalom/public_html/minicms/plugins/pager/pager.php on line 9
[20-Jul-2018 14:59:44 Europe/Berlin] PHP Notice:  Undefined variable: SYS_PLUGINS_DIR in /home/peter/Adathalom/public_html/minicms/plugins/pager/pager.php on line 60
[20-Jul-2018 14:59:44 Europe/Berlin] PHP Warning:  include(/pager/pager.js): failed to open stream: No such file or directory in /home/peter/Adathalom/public_html/minicms/plugins/pager/pager.php on line 60
[20-Jul-2018 14:59:44 Europe/Berlin] PHP Warning:  include(): Failed opening '/pager/pager.js' for inclusion (include_path='.:/usr/share/php') in /home/peter/Adathalom/public_html/minicms/plugins/pager/pager.php on line 60
[20-Jul-2018 15:01:14 Europe/Berlin] PHP Notice:  Undefined variable: SYS_PLUGINS_DIR in /home/peter/Adathalom/public_html/minicms/plugins/pager/pager.php on line 9
[20-Jul-2018 15:01:14 Europe/Berlin] PHP Warning:  include(/pager/pager.css): failed to open stream: No such file or directory in /home/peter/Adathalom/public_html/minicms/plugins/pager/pager.php on line 9
[20-Jul-2018 15:01:14 Europe/Berlin] PHP Warning:  include(): Failed opening '/pager/pager.css' for inclusion (include_path='.:/usr/share/php') in /home/peter/Adathalom/public_html/minicms/plugins/pager/pager.php on line 9
[20-Jul-2018 15:01:14 Europe/Berlin] PHP Notice:  Undefined variable: first in /home/peter/Adathalom/public_html/minicms/plugins/pager/pager.php on line 23
[20-Jul-2018 15:01:14 Europe/Berlin] PHP Notice:  Undefined variable: SYS_PLUGINS_DIR in /home/peter/Adathalom/public_html/minicms/plugins/pager/pager.php on line 60
[20-Jul-2018 15:01:14 Europe/Berlin] PHP Warning:  include(/pager/pager.js): failed to open stream: No such file or directory in /home/peter/Adathalom/public_html/minicms/plugins/pager/pager.php on line 60
[20-Jul-2018 15:01:14 Europe/Berlin] PHP Warning:  include(): Failed opening '/pager/pager.js' for inclusion (include_path='.:/usr/share/php') in /home/peter/Adathalom/public_html/minicms/plugins/pager/pager.php on line 60
[20-Jul-2018 15:02:14 Europe/Berlin] PHP Notice:  Undefined variable: SYS_PLUGINS_DIR in /home/peter/Adathalom/public_html/minicms/plugins/pager/pager.php on line 9
[20-Jul-2018 15:02:14 Europe/Berlin] PHP Warning:  include(/pager/pager.css): failed to open stream: No such file or directory in /home/peter/Adathalom/public_html/minicms/plugins/pager/pager.php on line 9
[20-Jul-2018 15:02:14 Europe/Berlin] PHP Warning:  include(): Failed opening '/pager/pager.css' for inclusion (include_path='.:/usr/share/php') in /home/peter/Adathalom/public_html/minicms/plugins/pager/pager.php on line 9
[20-Jul-2018 15:02:14 Europe/Berlin] PHP Notice:  Undefined variable: first in /home/peter/Adathalom/public_html/minicms/plugins/pager/pager.php on line 23
[20-Jul-2018 15:02:14 Europe/Berlin] PHP Notice:  Undefined variable: firstdb in /home/peter/Adathalom/public_html/minicms/plugins/pager/pager.php on line 29
[20-Jul-2018 15:02:14 Europe/Berlin] PHP Notice:  Undefined variable: SYS_PLUGINS_DIR in /home/peter/Adathalom/public_html/minicms/plugins/pager/pager.php on line 61
[20-Jul-2018 15:02:14 Europe/Berlin] PHP Warning:  include(/pager/pager.js): failed to open stream: No such file or directory in /home/peter/Adathalom/public_html/minicms/plugins/pager/pager.php on line 61
[20-Jul-2018 15:02:14 Europe/Berlin] PHP Warning:  include(): Failed opening '/pager/pager.js' for inclusion (include_path='.:/usr/share/php') in /home/peter/Adathalom/public_html/minicms/plugins/pager/pager.php on line 61
[20-Jul-2018 15:02:22 Europe/Berlin] PHP Notice:  Undefined variable: SYS_PLUGINS_DIR in /home/peter/Adathalom/public_html/minicms/plugins/pager/pager.php on line 9
[20-Jul-2018 15:02:22 Europe/Berlin] PHP Warning:  include(/pager/pager.css): failed to open stream: No such file or directory in /home/peter/Adathalom/public_html/minicms/plugins/pager/pager.php on line 9
[20-Jul-2018 15:02:22 Europe/Berlin] PHP Warning:  include(): Failed opening '/pager/pager.css' for inclusion (include_path='.:/usr/share/php') in /home/peter/Adathalom/public_html/minicms/plugins/pager/pager.php on line 9
[20-Jul-2018 15:02:22 Europe/Berlin] PHP Notice:  Undefined variable: first in /home/peter/Adathalom/public_html/minicms/plugins/pager/pager.php on line 23
[20-Jul-2018 15:02:22 Europe/Berlin] PHP Notice:  Undefined variable: SYS_PLUGINS_DIR in /home/peter/Adathalom/public_html/minicms/plugins/pager/pager.php on line 61
[20-Jul-2018 15:02:22 Europe/Berlin] PHP Warning:  include(/pager/pager.js): failed to open stream: No such file or directory in /home/peter/Adathalom/public_html/minicms/plugins/pager/pager.php on line 61
[20-Jul-2018 15:02:22 Europe/Berlin] PHP Warning:  include(): Failed opening '/pager/pager.js' for inclusion (include_path='.:/usr/share/php') in /home/peter/Adathalom/public_html/minicms/plugins/pager/pager.php on line 61
[20-Jul-2018 15:02:59 Europe/Berlin] PHP Notice:  Undefined variable: SYS_PLUGINS_DIR in /home/peter/Adathalom/public_html/minicms/plugins/pager/pager.php on line 9
[20-Jul-2018 15:02:59 Europe/Berlin] PHP Warning:  include(/pager/pager.css): failed to open stream: No such file or directory in /home/peter/Adathalom/public_html/minicms/plugins/pager/pager.php on line 9
[20-Jul-2018 15:02:59 Europe/Berlin] PHP Warning:  include(): Failed opening '/pager/pager.css' for inclusion (include_path='.:/usr/share/php') in /home/peter/Adathalom/public_html/minicms/plugins/pager/pager.php on line 9
[20-Jul-2018 15:02:59 Europe/Berlin] PHP Notice:  Undefined variable: first in /home/peter/Adathalom/public_html/minicms/plugins/pager/pager.php on line 23
[20-Jul-2018 15:02:59 Europe/Berlin] PHP Notice:  Undefined variable: SYS_PLUGINS_DIR in /home/peter/Adathalom/public_html/minicms/plugins/pager/pager.php on line 62
[20-Jul-2018 15:02:59 Europe/Berlin] PHP Warning:  include(/pager/pager.js): failed to open stream: No such file or directory in /home/peter/Adathalom/public_html/minicms/plugins/pager/pager.php on line 62
[20-Jul-2018 15:02:59 Europe/Berlin] PHP Warning:  include(): Failed opening '/pager/pager.js' for inclusion (include_path='.:/usr/share/php') in /home/peter/Adathalom/public_html/minicms/plugins/pager/pager.php on line 62
[20-Jul-2018 15:03:54 Europe/Berlin] PHP Notice:  Undefined variable: SYS_PLUGINS_DIR in /home/peter/Adathalom/public_html/minicms/plugins/pager/pager.php on line 9
[20-Jul-2018 15:03:54 Europe/Berlin] PHP Warning:  include(/pager/pager.css): failed to open stream: No such file or directory in /home/peter/Adathalom/public_html/minicms/plugins/pager/pager.php on line 9
[20-Jul-2018 15:03:54 Europe/Berlin] PHP Warning:  include(): Failed opening '/pager/pager.css' for inclusion (include_path='.:/usr/share/php') in /home/peter/Adathalom/public_html/minicms/plugins/pager/pager.php on line 9
[20-Jul-2018 15:03:54 Europe/Berlin] PHP Notice:  Undefined variable: first in /home/peter/Adathalom/public_html/minicms/plugins/pager/pager.php on line 23
[20-Jul-2018 15:03:54 Europe/Berlin] PHP Notice:  Undefined variable: SYS_PLUGINS_DIR in /home/peter/Adathalom/public_html/minicms/plugins/pager/pager.php on line 62
[20-Jul-2018 15:03:54 Europe/Berlin] PHP Warning:  include(/pager/pager.js): failed to open stream: No such file or directory in /home/peter/Adathalom/public_html/minicms/plugins/pager/pager.php on line 62
[20-Jul-2018 15:03:54 Europe/Berlin] PHP Warning:  include(): Failed opening '/pager/pager.js' for inclusion (include_path='.:/usr/share/php') in /home/peter/Adathalom/public_html/minicms/plugins/pager/pager.php on line 62
[20-Jul-2018 15:04:24 Europe/Berlin] PHP Notice:  Undefined variable: SYS_PLUGINS_DIR in /home/peter/Adathalom/public_html/minicms/plugins/pager/pager.php on line 9
[20-Jul-2018 15:04:24 Europe/Berlin] PHP Warning:  include(/pager/pager.css): failed to open stream: No such file or directory in /home/peter/Adathalom/public_html/minicms/plugins/pager/pager.php on line 9
[20-Jul-2018 15:04:24 Europe/Berlin] PHP Warning:  include(): Failed opening '/pager/pager.css' for inclusion (include_path='.:/usr/share/php') in /home/peter/Adathalom/public_html/minicms/plugins/pager/pager.php on line 9
[20-Jul-2018 15:04:24 Europe/Berlin] PHP Notice:  Undefined variable: first in /home/peter/Adathalom/public_html/minicms/plugins/pager/pager.php on line 23
[20-Jul-2018 15:04:24 Europe/Berlin] PHP Notice:  Undefined variable: SYS_PLUGINS_DIR in /home/peter/Adathalom/public_html/minicms/plugins/pager/pager.php on line 61
[20-Jul-2018 15:04:24 Europe/Berlin] PHP Warning:  include(/pager/pager.js): failed to open stream: No such file or directory in /home/peter/Adathalom/public_html/minicms/plugins/pager/pager.php on line 61
[20-Jul-2018 15:04:24 Europe/Berlin] PHP Warning:  include(): Failed opening '/pager/pager.js' for inclusion (include_path='.:/usr/share/php') in /home/peter/Adathalom/public_html/minicms/plugins/pager/pager.php on line 61
[20-Jul-2018 15:05:07 Europe/Berlin] PHP Notice:  Undefined variable: SYS_PLUGINS_DIR in /home/peter/Adathalom/public_html/minicms/plugins/pager/pager.php on line 9
[20-Jul-2018 15:05:07 Europe/Berlin] PHP Warning:  include(/pager/pager.css): failed to open stream: No such file or directory in /home/peter/Adathalom/public_html/minicms/plugins/pager/pager.php on line 9
[20-Jul-2018 15:05:07 Europe/Berlin] PHP Warning:  include(): Failed opening '/pager/pager.css' for inclusion (include_path='.:/usr/share/php') in /home/peter/Adathalom/public_html/minicms/plugins/pager/pager.php on line 9
[20-Jul-2018 15:05:07 Europe/Berlin] PHP Notice:  Undefined variable: first in /home/peter/Adathalom/public_html/minicms/plugins/pager/pager.php on line 23
[20-Jul-2018 15:05:07 Europe/Berlin] PHP Notice:  Undefined variable: SYS_PLUGINS_DIR in /home/peter/Adathalom/public_html/minicms/plugins/pager/pager.php on line 61
[20-Jul-2018 15:05:07 Europe/Berlin] PHP Warning:  include(/pager/pager.js): failed to open stream: No such file or directory in /home/peter/Adathalom/public_html/minicms/plugins/pager/pager.php on line 61
[20-Jul-2018 15:05:07 Europe/Berlin] PHP Warning:  include(): Failed opening '/pager/pager.js' for inclusion (include_path='.:/usr/share/php') in /home/peter/Adathalom/public_html/minicms/plugins/pager/pager.php on line 61
[20-Jul-2018 15:05:40 Europe/Berlin] PHP Notice:  Undefined variable: SYS_PLUGINS_DIR in /home/peter/Adathalom/public_html/minicms/plugins/pager/pager.php on line 9
[20-Jul-2018 15:05:40 Europe/Berlin] PHP Warning:  include(/pager/pager.css): failed to open stream: No such file or directory in /home/peter/Adathalom/public_html/minicms/plugins/pager/pager.php on line 9
[20-Jul-2018 15:05:40 Europe/Berlin] PHP Warning:  include(): Failed opening '/pager/pager.css' for inclusion (include_path='.:/usr/share/php') in /home/peter/Adathalom/public_html/minicms/plugins/pager/pager.php on line 9
[20-Jul-2018 15:05:40 Europe/Berlin] PHP Notice:  Undefined variable: first in /home/peter/Adathalom/public_html/minicms/plugins/pager/pager.php on line 23
[20-Jul-2018 15:05:40 Europe/Berlin] PHP Notice:  Undefined variable: SYS_PLUGINS_DIR in /home/peter/Adathalom/public_html/minicms/plugins/pager/pager.php on line 61
[20-Jul-2018 15:05:40 Europe/Berlin] PHP Warning:  include(/pager/pager.js): failed to open stream: No such file or directory in /home/peter/Adathalom/public_html/minicms/plugins/pager/pager.php on line 61
[20-Jul-2018 15:05:40 Europe/Berlin] PHP Warning:  include(): Failed opening '/pager/pager.js' for inclusion (include_path='.:/usr/share/php') in /home/peter/Adathalom/public_html/minicms/plugins/pager/pager.php on line 61
[20-Jul-2018 15:06:40 Europe/Berlin] PHP Notice:  Undefined variable: SYS_PLUGINS_DIR in /home/peter/Adathalom/public_html/minicms/plugins/pager/pager.php on line 9
[20-Jul-2018 15:06:40 Europe/Berlin] PHP Warning:  include(/pager/pager.css): failed to open stream: No such file or directory in /home/peter/Adathalom/public_html/minicms/plugins/pager/pager.php on line 9
[20-Jul-2018 15:06:40 Europe/Berlin] PHP Warning:  include(): Failed opening '/pager/pager.css' for inclusion (include_path='.:/usr/share/php') in /home/peter/Adathalom/public_html/minicms/plugins/pager/pager.php on line 9
[20-Jul-2018 15:06:40 Europe/Berlin] PHP Notice:  Undefined variable: first in /home/peter/Adathalom/public_html/minicms/plugins/pager/pager.php on line 23
[20-Jul-2018 15:06:40 Europe/Berlin] PHP Notice:  Undefined variable: SYS_PLUGINS_DIR in /home/peter/Adathalom/public_html/minicms/plugins/pager/pager.php on line 61
[20-Jul-2018 15:06:40 Europe/Berlin] PHP Warning:  include(/pager/pager.js): failed to open stream: No such file or directory in /home/peter/Adathalom/public_html/minicms/plugins/pager/pager.php on line 61
[20-Jul-2018 15:06:40 Europe/Berlin] PHP Warning:  include(): Failed opening '/pager/pager.js' for inclusion (include_path='.:/usr/share/php') in /home/peter/Adathalom/public_html/minicms/plugins/pager/pager.php on line 61
[20-Jul-2018 15:06:54 Europe/Berlin] PHP Notice:  Undefined variable: SYS_PLUGINS_DIR in /home/peter/Adathalom/public_html/minicms/plugins/pager/pager.php on line 9
[20-Jul-2018 15:06:54 Europe/Berlin] PHP Warning:  include(/pager/pager.css): failed to open stream: No such file or directory in /home/peter/Adathalom/public_html/minicms/plugins/pager/pager.php on line 9
[20-Jul-2018 15:06:54 Europe/Berlin] PHP Warning:  include(): Failed opening '/pager/pager.css' for inclusion (include_path='.:/usr/share/php') in /home/peter/Adathalom/public_html/minicms/plugins/pager/pager.php on line 9
[20-Jul-2018 15:06:54 Europe/Berlin] PHP Notice:  Undefined variable: SYS_PLUGINS_DIR in /home/peter/Adathalom/public_html/minicms/plugins/pager/pager.php on line 61
[20-Jul-2018 15:06:54 Europe/Berlin] PHP Warning:  include(/pager/pager.js): failed to open stream: No such file or directory in /home/peter/Adathalom/public_html/minicms/plugins/pager/pager.php on line 61
[20-Jul-2018 15:06:54 Europe/Berlin] PHP Warning:  include(): Failed opening '/pager/pager.js' for inclusion (include_path='.:/usr/share/php') in /home/peter/Adathalom/public_html/minicms/plugins/pager/pager.php on line 61
[20-Jul-2018 15:07:02 Europe/Berlin] PHP Notice:  Undefined variable: SYS_PLUGINS_DIR in /home/peter/Adathalom/public_html/minicms/plugins/pager/pager.php on line 9
[20-Jul-2018 15:07:02 Europe/Berlin] PHP Warning:  include(/pager/pager.css): failed to open stream: No such file or directory in /home/peter/Adathalom/public_html/minicms/plugins/pager/pager.php on line 9
[20-Jul-2018 15:07:02 Europe/Berlin] PHP Warning:  include(): Failed opening '/pager/pager.css' for inclusion (include_path='.:/usr/share/php') in /home/peter/Adathalom/public_html/minicms/plugins/pager/pager.php on line 9
[20-Jul-2018 15:07:02 Europe/Berlin] PHP Notice:  A non well formed numeric value encountered in /home/peter/Adathalom/public_html/minicms/plugins/pager/pager.php on line 22
[20-Jul-2018 15:07:02 Europe/Berlin] PHP Notice:  Undefined variable: SYS_PLUGINS_DIR in /home/peter/Adathalom/public_html/minicms/plugins/pager/pager.php on line 61
[20-Jul-2018 15:07:02 Europe/Berlin] PHP Warning:  include(/pager/pager.js): failed to open stream: No such file or directory in /home/peter/Adathalom/public_html/minicms/plugins/pager/pager.php on line 61
[20-Jul-2018 15:07:02 Europe/Berlin] PHP Warning:  include(): Failed opening '/pager/pager.js' for inclusion (include_path='.:/usr/share/php') in /home/peter/Adathalom/public_html/minicms/plugins/pager/pager.php on line 61
[20-Jul-2018 15:07:46 Europe/Berlin] PHP Notice:  Undefined variable: SYS_PLUGINS_DIR in /home/peter/Adathalom/public_html/minicms/plugins/pager/pager.php on line 9
[20-Jul-2018 15:07:46 Europe/Berlin] PHP Warning:  include(/pager/pager.css): failed to open stream: No such file or directory in /home/peter/Adathalom/public_html/minicms/plugins/pager/pager.php on line 9
[20-Jul-2018 15:07:46 Europe/Berlin] PHP Warning:  include(): Failed opening '/pager/pager.css' for inclusion (include_path='.:/usr/share/php') in /home/peter/Adathalom/public_html/minicms/plugins/pager/pager.php on line 9
[20-Jul-2018 15:07:46 Europe/Berlin] PHP Notice:  A non well formed numeric value encountered in /home/peter/Adathalom/public_html/minicms/plugins/pager/pager.php on line 22
[20-Jul-2018 15:07:46 Europe/Berlin] PHP Notice:  Undefined variable: SYS_PLUGINS_DIR in /home/peter/Adathalom/public_html/minicms/plugins/pager/pager.php on line 61
[20-Jul-2018 15:07:46 Europe/Berlin] PHP Warning:  include(/pager/pager.js): failed to open stream: No such file or directory in /home/peter/Adathalom/public_html/minicms/plugins/pager/pager.php on line 61
[20-Jul-2018 15:07:46 Europe/Berlin] PHP Warning:  include(): Failed opening '/pager/pager.js' for inclusion (include_path='.:/usr/share/php') in /home/peter/Adathalom/public_html/minicms/plugins/pager/pager.php on line 61
[20-Jul-2018 15:09:18 Europe/Berlin] PHP Parse error:  syntax error, unexpected '"', expecting identifier (T_STRING) in /home/peter/Adathalom/public_html/minicms/plugins/pager/pager.php on line 12
[20-Jul-2018 15:09:42 Europe/Berlin] PHP Notice:  Undefined variable: SYS_PLUGINS_DIR in /home/peter/Adathalom/public_html/minicms/plugins/pager/pager.php on line 9
[20-Jul-2018 15:09:42 Europe/Berlin] PHP Warning:  include(/pager/pager.css): failed to open stream: No such file or directory in /home/peter/Adathalom/public_html/minicms/plugins/pager/pager.php on line 9
[20-Jul-2018 15:09:42 Europe/Berlin] PHP Warning:  include(): Failed opening '/pager/pager.css' for inclusion (include_path='.:/usr/share/php') in /home/peter/Adathalom/public_html/minicms/plugins/pager/pager.php on line 9
[20-Jul-2018 15:09:42 Europe/Berlin] PHP Notice:  A non well formed numeric value encountered in /home/peter/Adathalom/public_html/minicms/plugins/pager/pager.php on line 22
[20-Jul-2018 15:09:42 Europe/Berlin] PHP Notice:  Undefined variable: SYS_PLUGINS_DIR in /home/peter/Adathalom/public_html/minicms/plugins/pager/pager.php on line 61
[20-Jul-2018 15:09:42 Europe/Berlin] PHP Warning:  include(/pager/pager.js): failed to open stream: No such file or directory in /home/peter/Adathalom/public_html/minicms/plugins/pager/pager.php on line 61
[20-Jul-2018 15:09:42 Europe/Berlin] PHP Warning:  include(): Failed opening '/pager/pager.js' for inclusion (include_path='.:/usr/share/php') in /home/peter/Adathalom/public_html/minicms/plugins/pager/pager.php on line 61
[20-Jul-2018 15:10:10 Europe/Berlin] PHP Notice:  Undefined variable: SYS_PLUGINS_DIR in /home/peter/Adathalom/public_html/minicms/plugins/pager/pager.php on line 9
[20-Jul-2018 15:10:10 Europe/Berlin] PHP Warning:  include(/pager/pager.css): failed to open stream: No such file or directory in /home/peter/Adathalom/public_html/minicms/plugins/pager/pager.php on line 9
[20-Jul-2018 15:10:10 Europe/Berlin] PHP Warning:  include(): Failed opening '/pager/pager.css' for inclusion (include_path='.:/usr/share/php') in /home/peter/Adathalom/public_html/minicms/plugins/pager/pager.php on line 9
[20-Jul-2018 15:10:10 Europe/Berlin] PHP Notice:  A non well formed numeric value encountered in /home/peter/Adathalom/public_html/minicms/plugins/pager/pager.php on line 23
[20-Jul-2018 15:10:10 Europe/Berlin] PHP Notice:  Undefined variable: SYS_PLUGINS_DIR in /home/peter/Adathalom/public_html/minicms/plugins/pager/pager.php on line 62
[20-Jul-2018 15:10:10 Europe/Berlin] PHP Warning:  include(/pager/pager.js): failed to open stream: No such file or directory in /home/peter/Adathalom/public_html/minicms/plugins/pager/pager.php on line 62
[20-Jul-2018 15:10:10 Europe/Berlin] PHP Warning:  include(): Failed opening '/pager/pager.js' for inclusion (include_path='.:/usr/share/php') in /home/peter/Adathalom/public_html/minicms/plugins/pager/pager.php on line 62
[20-Jul-2018 15:10:30 Europe/Berlin] PHP Notice:  Undefined variable: SYS_PLUGINS_DIR in /home/peter/Adathalom/public_html/minicms/plugins/pager/pager.php on line 9
[20-Jul-2018 15:10:30 Europe/Berlin] PHP Warning:  include(/pager/pager.css): failed to open stream: No such file or directory in /home/peter/Adathalom/public_html/minicms/plugins/pager/pager.php on line 9
[20-Jul-2018 15:10:30 Europe/Berlin] PHP Warning:  include(): Failed opening '/pager/pager.css' for inclusion (include_path='.:/usr/share/php') in /home/peter/Adathalom/public_html/minicms/plugins/pager/pager.php on line 9
[20-Jul-2018 15:10:30 Europe/Berlin] PHP Warning:  Use of undefined constant value - assumed 'value' (this will throw an Error in a future version of PHP) in /home/peter/Adathalom/public_html/minicms/plugins/pager/pager.php on line 13
[20-Jul-2018 15:10:30 Europe/Berlin] PHP Notice:  A non well formed numeric value encountered in /home/peter/Adathalom/public_html/minicms/plugins/pager/pager.php on line 22
[20-Jul-2018 15:10:30 Europe/Berlin] PHP Notice:  Undefined variable: SYS_PLUGINS_DIR in /home/peter/Adathalom/public_html/minicms/plugins/pager/pager.php on line 61
[20-Jul-2018 15:10:30 Europe/Berlin] PHP Warning:  include(/pager/pager.js): failed to open stream: No such file or directory in /home/peter/Adathalom/public_html/minicms/plugins/pager/pager.php on line 61
[20-Jul-2018 15:10:30 Europe/Berlin] PHP Warning:  include(): Failed opening '/pager/pager.js' for inclusion (include_path='.:/usr/share/php') in /home/peter/Adathalom/public_html/minicms/plugins/pager/pager.php on line 61
[20-Jul-2018 15:11:16 Europe/Berlin] PHP Notice:  Undefined variable: SYS_PLUGINS_DIR in /home/peter/Adathalom/public_html/minicms/plugins/pager/pager.php on line 9
[20-Jul-2018 15:11:16 Europe/Berlin] PHP Warning:  include(/pager/pager.css): failed to open stream: No such file or directory in /home/peter/Adathalom/public_html/minicms/plugins/pager/pager.php on line 9
[20-Jul-2018 15:11:16 Europe/Berlin] PHP Warning:  include(): Failed opening '/pager/pager.css' for inclusion (include_path='.:/usr/share/php') in /home/peter/Adathalom/public_html/minicms/plugins/pager/pager.php on line 9
[20-Jul-2018 15:11:16 Europe/Berlin] PHP Notice:  A non well formed numeric value encountered in /home/peter/Adathalom/public_html/minicms/plugins/pager/pager.php on line 22
[20-Jul-2018 15:11:16 Europe/Berlin] PHP Notice:  Undefined variable: SYS_PLUGINS_DIR in /home/peter/Adathalom/public_html/minicms/plugins/pager/pager.php on line 61
[20-Jul-2018 15:11:16 Europe/Berlin] PHP Warning:  include(/pager/pager.js): failed to open stream: No such file or directory in /home/peter/Adathalom/public_html/minicms/plugins/pager/pager.php on line 61
[20-Jul-2018 15:11:16 Europe/Berlin] PHP Warning:  include(): Failed opening '/pager/pager.js' for inclusion (include_path='.:/usr/share/php') in /home/peter/Adathalom/public_html/minicms/plugins/pager/pager.php on line 61
[20-Jul-2018 15:12:27 Europe/Berlin] PHP Notice:  Undefined variable: SYS_PLUGINS_DIR in /home/peter/Adathalom/public_html/minicms/plugins/pager/pager.php on line 9
[20-Jul-2018 15:12:27 Europe/Berlin] PHP Warning:  include(/pager/pager.css): failed to open stream: No such file or directory in /home/peter/Adathalom/public_html/minicms/plugins/pager/pager.php on line 9
[20-Jul-2018 15:12:27 Europe/Berlin] PHP Warning:  include(): Failed opening '/pager/pager.css' for inclusion (include_path='.:/usr/share/php') in /home/peter/Adathalom/public_html/minicms/plugins/pager/pager.php on line 9
[20-Jul-2018 15:12:27 Europe/Berlin] PHP Notice:  A non well formed numeric value encountered in /home/peter/Adathalom/public_html/minicms/plugins/pager/pager.php on line 22
[20-Jul-2018 15:12:27 Europe/Berlin] PHP Notice:  Undefined variable: SYS_PLUGINS_DIR in /home/peter/Adathalom/public_html/minicms/plugins/pager/pager.php on line 61
[20-Jul-2018 15:12:27 Europe/Berlin] PHP Warning:  include(/pager/pager.js): failed to open stream: No such file or directory in /home/peter/Adathalom/public_html/minicms/plugins/pager/pager.php on line 61
[20-Jul-2018 15:12:27 Europe/Berlin] PHP Warning:  include(): Failed opening '/pager/pager.js' for inclusion (include_path='.:/usr/share/php') in /home/peter/Adathalom/public_html/minicms/plugins/pager/pager.php on line 61
[20-Jul-2018 15:12:57 Europe/Berlin] PHP Notice:  Undefined variable: SYS_PLUGINS_DIR in /home/peter/Adathalom/public_html/minicms/plugins/pager/pager.php on line 9
[20-Jul-2018 15:12:57 Europe/Berlin] PHP Warning:  include(/pager/pager.css): failed to open stream: No such file or directory in /home/peter/Adathalom/public_html/minicms/plugins/pager/pager.php on line 9
[20-Jul-2018 15:12:57 Europe/Berlin] PHP Warning:  include(): Failed opening '/pager/pager.css' for inclusion (include_path='.:/usr/share/php') in /home/peter/Adathalom/public_html/minicms/plugins/pager/pager.php on line 9
[20-Jul-2018 15:12:57 Europe/Berlin] PHP Notice:  A non well formed numeric value encountered in /home/peter/Adathalom/public_html/minicms/plugins/pager/pager.php on line 22
[20-Jul-2018 15:12:57 Europe/Berlin] PHP Notice:  Undefined variable: SYS_PLUGINS_DIR in /home/peter/Adathalom/public_html/minicms/plugins/pager/pager.php on line 61
[20-Jul-2018 15:12:57 Europe/Berlin] PHP Warning:  include(/pager/pager.js): failed to open stream: No such file or directory in /home/peter/Adathalom/public_html/minicms/plugins/pager/pager.php on line 61
[20-Jul-2018 15:12:57 Europe/Berlin] PHP Warning:  include(): Failed opening '/pager/pager.js' for inclusion (include_path='.:/usr/share/php') in /home/peter/Adathalom/public_html/minicms/plugins/pager/pager.php on line 61
[20-Jul-2018 15:14:59 Europe/Berlin] PHP Notice:  Undefined variable: SYS_PLUGINS_DIR in /home/peter/Adathalom/public_html/minicms/plugins/pager/pager.php on line 9
[20-Jul-2018 15:14:59 Europe/Berlin] PHP Warning:  include(/pager/pager.css): failed to open stream: No such file or directory in /home/peter/Adathalom/public_html/minicms/plugins/pager/pager.php on line 9
[20-Jul-2018 15:14:59 Europe/Berlin] PHP Warning:  include(): Failed opening '/pager/pager.css' for inclusion (include_path='.:/usr/share/php') in /home/peter/Adathalom/public_html/minicms/plugins/pager/pager.php on line 9
[20-Jul-2018 15:14:59 Europe/Berlin] PHP Notice:  A non well formed numeric value encountered in /home/peter/Adathalom/public_html/minicms/plugins/pager/pager.php on line 22
[20-Jul-2018 15:14:59 Europe/Berlin] PHP Notice:  Undefined variable: SYS_PLUGINS_DIR in /home/peter/Adathalom/public_html/minicms/plugins/pager/pager.php on line 61
[20-Jul-2018 15:14:59 Europe/Berlin] PHP Warning:  include(/pager/pager.js): failed to open stream: No such file or directory in /home/peter/Adathalom/public_html/minicms/plugins/pager/pager.php on line 61
[20-Jul-2018 15:14:59 Europe/Berlin] PHP Warning:  include(): Failed opening '/pager/pager.js' for inclusion (include_path='.:/usr/share/php') in /home/peter/Adathalom/public_html/minicms/plugins/pager/pager.php on line 61
[20-Jul-2018 15:17:38 Europe/Berlin] PHP Notice:  Undefined variable: SYS_PLUGINS_DIR in /home/peter/Adathalom/public_html/minicms/plugins/pager/pager.php on line 9
[20-Jul-2018 15:17:38 Europe/Berlin] PHP Warning:  include(/pager/pager.css): failed to open stream: No such file or directory in /home/peter/Adathalom/public_html/minicms/plugins/pager/pager.php on line 9
[20-Jul-2018 15:17:38 Europe/Berlin] PHP Warning:  include(): Failed opening '/pager/pager.css' for inclusion (include_path='.:/usr/share/php') in /home/peter/Adathalom/public_html/minicms/plugins/pager/pager.php on line 9
[20-Jul-2018 15:17:38 Europe/Berlin] PHP Notice:  A non well formed numeric value encountered in /home/peter/Adathalom/public_html/minicms/plugins/pager/pager.php on line 22
[20-Jul-2018 15:17:38 Europe/Berlin] PHP Notice:  Undefined variable: SYS_PLUGINS_DIR in /home/peter/Adathalom/public_html/minicms/plugins/pager/pager.php on line 61
[20-Jul-2018 15:17:38 Europe/Berlin] PHP Warning:  include(/pager/pager.js): failed to open stream: No such file or directory in /home/peter/Adathalom/public_html/minicms/plugins/pager/pager.php on line 61
[20-Jul-2018 15:17:38 Europe/Berlin] PHP Warning:  include(): Failed opening '/pager/pager.js' for inclusion (include_path='.:/usr/share/php') in /home/peter/Adathalom/public_html/minicms/plugins/pager/pager.php on line 61
[20-Jul-2018 15:22:50 Europe/Berlin] PHP Notice:  Undefined variable: SYS_PLUGINS_DIR in /home/peter/Adathalom/public_html/minicms/plugins/pager/pager.php on line 9
[20-Jul-2018 15:22:50 Europe/Berlin] PHP Warning:  include(/pager/pager.css): failed to open stream: No such file or directory in /home/peter/Adathalom/public_html/minicms/plugins/pager/pager.php on line 9
[20-Jul-2018 15:22:50 Europe/Berlin] PHP Warning:  include(): Failed opening '/pager/pager.css' for inclusion (include_path='.:/usr/share/php') in /home/peter/Adathalom/public_html/minicms/plugins/pager/pager.php on line 9
[20-Jul-2018 15:22:50 Europe/Berlin] PHP Notice:  A non well formed numeric value encountered in /home/peter/Adathalom/public_html/minicms/plugins/pager/pager.php on line 22
[20-Jul-2018 15:22:50 Europe/Berlin] PHP Notice:  Undefined variable: SYS_PLUGINS_DIR in /home/peter/Adathalom/public_html/minicms/plugins/pager/pager.php on line 61
[20-Jul-2018 15:22:50 Europe/Berlin] PHP Warning:  include(/pager/pager.js): failed to open stream: No such file or directory in /home/peter/Adathalom/public_html/minicms/plugins/pager/pager.php on line 61
[20-Jul-2018 15:22:50 Europe/Berlin] PHP Warning:  include(): Failed opening '/pager/pager.js' for inclusion (include_path='.:/usr/share/php') in /home/peter/Adathalom/public_html/minicms/plugins/pager/pager.php on line 61
[20-Jul-2018 15:24:53 Europe/Berlin] PHP Notice:  Undefined variable: SYS_PLUGINS_DIR in /home/peter/Adathalom/public_html/minicms/plugins/pager/pager.php on line 9
[20-Jul-2018 15:24:53 Europe/Berlin] PHP Warning:  include(/pager/pager.css): failed to open stream: No such file or directory in /home/peter/Adathalom/public_html/minicms/plugins/pager/pager.php on line 9
[20-Jul-2018 15:24:53 Europe/Berlin] PHP Warning:  include(): Failed opening '/pager/pager.css' for inclusion (include_path='.:/usr/share/php') in /home/peter/Adathalom/public_html/minicms/plugins/pager/pager.php on line 9
[20-Jul-2018 15:24:53 Europe/Berlin] PHP Notice:  A non well formed numeric value encountered in /home/peter/Adathalom/public_html/minicms/plugins/pager/pager.php on line 22
[20-Jul-2018 15:24:53 Europe/Berlin] PHP Notice:  Array to string conversion in /home/peter/Adathalom/public_html/minicms/plugins/pager/pager.php on line 31
[20-Jul-2018 15:24:53 Europe/Berlin] PHP Notice:  Undefined variable: SYS_PLUGINS_DIR in /home/peter/Adathalom/public_html/minicms/plugins/pager/pager.php on line 63
[20-Jul-2018 15:24:53 Europe/Berlin] PHP Warning:  include(/pager/pager.js): failed to open stream: No such file or directory in /home/peter/Adathalom/public_html/minicms/plugins/pager/pager.php on line 63
[20-Jul-2018 15:24:53 Europe/Berlin] PHP Warning:  include(): Failed opening '/pager/pager.js' for inclusion (include_path='.:/usr/share/php') in /home/peter/Adathalom/public_html/minicms/plugins/pager/pager.php on line 63
[20-Jul-2018 15:25:08 Europe/Berlin] PHP Notice:  Undefined variable: SYS_PLUGINS_DIR in /home/peter/Adathalom/public_html/minicms/plugins/pager/pager.php on line 9
[20-Jul-2018 15:25:08 Europe/Berlin] PHP Warning:  include(/pager/pager.css): failed to open stream: No such file or directory in /home/peter/Adathalom/public_html/minicms/plugins/pager/pager.php on line 9
[20-Jul-2018 15:25:08 Europe/Berlin] PHP Warning:  include(): Failed opening '/pager/pager.css' for inclusion (include_path='.:/usr/share/php') in /home/peter/Adathalom/public_html/minicms/plugins/pager/pager.php on line 9
[20-Jul-2018 15:25:08 Europe/Berlin] PHP Notice:  A non well formed numeric value encountered in /home/peter/Adathalom/public_html/minicms/plugins/pager/pager.php on line 22
[20-Jul-2018 15:25:08 Europe/Berlin] PHP Notice:  Array to string conversion in /home/peter/Adathalom/public_html/minicms/plugins/pager/pager.php on line 31
[20-Jul-2018 15:25:08 Europe/Berlin] PHP Notice:  Undefined variable: SYS_PLUGINS_DIR in /home/peter/Adathalom/public_html/minicms/plugins/pager/pager.php on line 63
[20-Jul-2018 15:25:08 Europe/Berlin] PHP Warning:  include(/pager/pager.js): failed to open stream: No such file or directory in /home/peter/Adathalom/public_html/minicms/plugins/pager/pager.php on line 63
[20-Jul-2018 15:25:08 Europe/Berlin] PHP Warning:  include(): Failed opening '/pager/pager.js' for inclusion (include_path='.:/usr/share/php') in /home/peter/Adathalom/public_html/minicms/plugins/pager/pager.php on line 63
[20-Jul-2018 15:25:33 Europe/Berlin] PHP Notice:  Undefined variable: SYS_PLUGINS_DIR in /home/peter/Adathalom/public_html/minicms/plugins/pager/pager.php on line 9
[20-Jul-2018 15:25:33 Europe/Berlin] PHP Warning:  include(/pager/pager.css): failed to open stream: No such file or directory in /home/peter/Adathalom/public_html/minicms/plugins/pager/pager.php on line 9
[20-Jul-2018 15:25:33 Europe/Berlin] PHP Warning:  include(): Failed opening '/pager/pager.css' for inclusion (include_path='.:/usr/share/php') in /home/peter/Adathalom/public_html/minicms/plugins/pager/pager.php on line 9
[20-Jul-2018 15:25:33 Europe/Berlin] PHP Notice:  A non well formed numeric value encountered in /home/peter/Adathalom/public_html/minicms/plugins/pager/pager.php on line 22
[20-Jul-2018 15:25:33 Europe/Berlin] PHP Notice:  Undefined variable: SYS_PLUGINS_DIR in /home/peter/Adathalom/public_html/minicms/plugins/pager/pager.php on line 63
[20-Jul-2018 15:25:33 Europe/Berlin] PHP Warning:  include(/pager/pager.js): failed to open stream: No such file or directory in /home/peter/Adathalom/public_html/minicms/plugins/pager/pager.php on line 63
[20-Jul-2018 15:25:33 Europe/Berlin] PHP Warning:  include(): Failed opening '/pager/pager.js' for inclusion (include_path='.:/usr/share/php') in /home/peter/Adathalom/public_html/minicms/plugins/pager/pager.php on line 63
[20-Jul-2018 15:25:44 Europe/Berlin] PHP Notice:  Undefined variable: SYS_PLUGINS_DIR in /home/peter/Adathalom/public_html/minicms/plugins/pager/pager.php on line 9
[20-Jul-2018 15:25:44 Europe/Berlin] PHP Warning:  include(/pager/pager.css): failed to open stream: No such file or directory in /home/peter/Adathalom/public_html/minicms/plugins/pager/pager.php on line 9
[20-Jul-2018 15:25:44 Europe/Berlin] PHP Warning:  include(): Failed opening '/pager/pager.css' for inclusion (include_path='.:/usr/share/php') in /home/peter/Adathalom/public_html/minicms/plugins/pager/pager.php on line 9
[20-Jul-2018 15:25:44 Europe/Berlin] PHP Notice:  Undefined variable: SYS_PLUGINS_DIR in /home/peter/Adathalom/public_html/minicms/plugins/pager/pager.php on line 63
[20-Jul-2018 15:25:44 Europe/Berlin] PHP Warning:  include(/pager/pager.js): failed to open stream: No such file or directory in /home/peter/Adathalom/public_html/minicms/plugins/pager/pager.php on line 63
[20-Jul-2018 15:25:44 Europe/Berlin] PHP Warning:  include(): Failed opening '/pager/pager.js' for inclusion (include_path='.:/usr/share/php') in /home/peter/Adathalom/public_html/minicms/plugins/pager/pager.php on line 63
