[23-Jul-2018 14:47:36 Europe/Berlin] PHP Notice:  Undefined index: gdpr in /home/peter/Adathalom/public_html/minicms/plugins/gdpr/gdpr.php on line 19
[23-Jul-2018 14:47:37 Europe/Berlin] PHP Notice:  Undefined index: gdpr in /home/peter/Adathalom/public_html/minicms/plugins/gdpr/gdpr.php on line 19
[23-Jul-2018 14:47:39 Europe/Berlin] PHP Notice:  Undefined index: gdpr in /home/peter/Adathalom/public_html/minicms/plugins/gdpr/gdpr.php on line 19
[23-Jul-2018 14:48:11 Europe/Berlin] PHP Notice:  Undefined index: gdpr in /home/peter/Adathalom/public_html/minicms/plugins/gdpr/gdpr.php on line 19
[23-Jul-2018 14:48:11 Europe/Berlin] PHP Notice:  Undefined index: gdpr in /home/peter/Adathalom/public_html/minicms/plugins/gdpr/gdpr.php on line 20
[23-Jul-2018 14:48:28 Europe/Berlin] PHP Notice:  Undefined index: gdpr in /home/peter/Adathalom/public_html/minicms/plugins/gdpr/gdpr.php on line 19
[23-Jul-2018 14:48:28 Europe/Berlin] PHP Notice:  Undefined index: gdpr in /home/peter/Adathalom/public_html/minicms/plugins/gdpr/gdpr.php on line 21
[23-Jul-2018 14:48:42 Europe/Berlin] PHP Parse error:  syntax error, unexpected '[', expecting ']' in /home/peter/Adathalom/public_html/minicms/plugins/gdpr/gdpr.php on line 19
[23-Jul-2018 14:49:20 Europe/Berlin] PHP Parse error:  syntax error, unexpected '[', expecting ']' in /home/peter/Adathalom/public_html/minicms/plugins/gdpr/gdpr.php on line 19
[23-Jul-2018 14:49:20 Europe/Berlin] PHP Parse error:  syntax error, unexpected '[', expecting ']' in /home/peter/Adathalom/public_html/minicms/plugins/gdpr/gdpr.php on line 19
[23-Jul-2018 14:49:23 Europe/Berlin] PHP Parse error:  syntax error, unexpected '[', expecting ']' in /home/peter/Adathalom/public_html/minicms/plugins/gdpr/gdpr.php on line 19
[23-Jul-2018 14:51:00 Europe/Berlin] PHP Notice:  Undefined index: gdpr in /home/peter/Adathalom/public_html/minicms/plugins/gdpr/gdpr.php on line 20
[23-Jul-2018 14:51:00 Europe/Berlin] PHP Notice:  Undefined index: gdpr in /home/peter/Adathalom/public_html/minicms/plugins/gdpr/gdpr.php on line 22
[23-Jul-2018 14:51:11 Europe/Berlin] PHP Notice:  Undefined index: gdpr in /home/peter/Adathalom/public_html/minicms/plugins/gdpr/gdpr.php on line 20
[23-Jul-2018 14:51:11 Europe/Berlin] PHP Notice:  Undefined index: gdpr in /home/peter/Adathalom/public_html/minicms/plugins/gdpr/gdpr.php on line 22
[23-Jul-2018 14:51:32 Europe/Berlin] PHP Parse error:  syntax error, unexpected '>' in /home/peter/Adathalom/public_html/minicms/plugins/gdpr/gdpr.php on line 22
[23-Jul-2018 14:51:41 Europe/Berlin] PHP Notice:  Undefined index: gdpr in /home/peter/Adathalom/public_html/minicms/plugins/gdpr/gdpr.php on line 20
[23-Jul-2018 14:51:41 Europe/Berlin] PHP Notice:  Undefined index: gdpr in /home/peter/Adathalom/public_html/minicms/plugins/gdpr/gdpr.php on line 22
[23-Jul-2018 14:52:04 Europe/Berlin] PHP Notice:  Undefined index: gdpr in /home/peter/Adathalom/public_html/minicms/plugins/gdpr/gdpr.php on line 20
[23-Jul-2018 14:52:05 Europe/Berlin] PHP Notice:  Undefined index: gdpr in /home/peter/Adathalom/public_html/minicms/plugins/gdpr/gdpr.php on line 20
[23-Jul-2018 14:52:06 Europe/Berlin] PHP Notice:  Undefined index: gdpr in /home/peter/Adathalom/public_html/minicms/plugins/gdpr/gdpr.php on line 20
[23-Jul-2018 14:52:06 Europe/Berlin] PHP Notice:  Undefined index: gdpr in /home/peter/Adathalom/public_html/minicms/plugins/gdpr/gdpr.php on line 20
[23-Jul-2018 14:52:06 Europe/Berlin] PHP Notice:  Undefined index: gdpr in /home/peter/Adathalom/public_html/minicms/plugins/gdpr/gdpr.php on line 20
[23-Jul-2018 14:52:06 Europe/Berlin] PHP Notice:  Undefined index: gdpr in /home/peter/Adathalom/public_html/minicms/plugins/gdpr/gdpr.php on line 20
[23-Jul-2018 14:52:06 Europe/Berlin] PHP Notice:  Undefined index: gdpr in /home/peter/Adathalom/public_html/minicms/plugins/gdpr/gdpr.php on line 20
[23-Jul-2018 14:53:33 Europe/Berlin] PHP Notice:  Undefined index: gdpr in /home/peter/Adathalom/public_html/minicms/plugins/gdpr/gdpr.php on line 20
[23-Jul-2018 14:53:34 Europe/Berlin] PHP Notice:  Undefined index: gdpr in /home/peter/Adathalom/public_html/minicms/plugins/gdpr/gdpr.php on line 20
[23-Jul-2018 14:53:34 Europe/Berlin] PHP Notice:  Undefined index: gdpr in /home/peter/Adathalom/public_html/minicms/plugins/gdpr/gdpr.php on line 20
[23-Jul-2018 14:53:35 Europe/Berlin] PHP Notice:  Undefined index: gdpr in /home/peter/Adathalom/public_html/minicms/plugins/gdpr/gdpr.php on line 20
[23-Jul-2018 14:53:35 Europe/Berlin] PHP Notice:  Undefined index: gdpr in /home/peter/Adathalom/public_html/minicms/plugins/gdpr/gdpr.php on line 20
[23-Jul-2018 14:53:35 Europe/Berlin] PHP Notice:  Undefined index: gdpr in /home/peter/Adathalom/public_html/minicms/plugins/gdpr/gdpr.php on line 20
[23-Jul-2018 14:53:35 Europe/Berlin] PHP Notice:  Undefined index: gdpr in /home/peter/Adathalom/public_html/minicms/plugins/gdpr/gdpr.php on line 20
[23-Jul-2018 14:53:35 Europe/Berlin] PHP Notice:  Undefined index: gdpr in /home/peter/Adathalom/public_html/minicms/plugins/gdpr/gdpr.php on line 20
[23-Jul-2018 14:54:05 Europe/Berlin] PHP Notice:  Undefined index: gdpr in /home/peter/Adathalom/public_html/minicms/plugins/gdpr/gdpr.php on line 20
[23-Jul-2018 14:54:05 Europe/Berlin] PHP Notice:  Undefined index: gdpr in /home/peter/Adathalom/public_html/minicms/plugins/gdpr/gdpr.php on line 20
[23-Jul-2018 14:54:06 Europe/Berlin] PHP Notice:  Undefined index: gdpr in /home/peter/Adathalom/public_html/minicms/plugins/gdpr/gdpr.php on line 20
[23-Jul-2018 14:54:06 Europe/Berlin] PHP Notice:  Undefined index: gdpr in /home/peter/Adathalom/public_html/minicms/plugins/gdpr/gdpr.php on line 20
[23-Jul-2018 14:54:06 Europe/Berlin] PHP Notice:  Undefined index: gdpr in /home/peter/Adathalom/public_html/minicms/plugins/gdpr/gdpr.php on line 20
[23-Jul-2018 14:54:06 Europe/Berlin] PHP Notice:  Undefined index: gdpr in /home/peter/Adathalom/public_html/minicms/plugins/gdpr/gdpr.php on line 20
[23-Jul-2018 14:54:07 Europe/Berlin] PHP Notice:  Undefined index: gdpr in /home/peter/Adathalom/public_html/minicms/plugins/gdpr/gdpr.php on line 20
[23-Jul-2018 14:54:47 Europe/Berlin] PHP Notice:  Undefined index: gdpr in /home/peter/Adathalom/public_html/minicms/plugins/gdpr/gdpr.php on line 20
[23-Jul-2018 14:54:48 Europe/Berlin] PHP Notice:  Undefined index: gdpr in /home/peter/Adathalom/public_html/minicms/plugins/gdpr/gdpr.php on line 20
[23-Jul-2018 14:54:49 Europe/Berlin] PHP Notice:  Undefined index: gdpr in /home/peter/Adathalom/public_html/minicms/plugins/gdpr/gdpr.php on line 20
[23-Jul-2018 14:54:49 Europe/Berlin] PHP Notice:  Undefined index: gdpr in /home/peter/Adathalom/public_html/minicms/plugins/gdpr/gdpr.php on line 20
[23-Jul-2018 14:54:49 Europe/Berlin] PHP Notice:  Undefined index: gdpr in /home/peter/Adathalom/public_html/minicms/plugins/gdpr/gdpr.php on line 20
[23-Jul-2018 14:54:49 Europe/Berlin] PHP Notice:  Undefined index: gdpr in /home/peter/Adathalom/public_html/minicms/plugins/gdpr/gdpr.php on line 20
[23-Jul-2018 14:56:24 Europe/Berlin] PHP Notice:  Undefined variable: SYS_COOKIES_STOREDDATA in /home/peter/Adathalom/public_html/minicms/plugins/gdpr/gdpr.php on line 20
[23-Jul-2018 14:56:25 Europe/Berlin] PHP Notice:  Undefined variable: SYS_COOKIES_STOREDDATA in /home/peter/Adathalom/public_html/minicms/plugins/gdpr/gdpr.php on line 20
[23-Jul-2018 14:57:22 Europe/Berlin] PHP Notice:  Undefined offset: 0 in /home/peter/Adathalom/public_html/minicms/plugins/gdpr/gdpr.php on line 20
[23-Jul-2018 14:57:23 Europe/Berlin] PHP Notice:  Undefined offset: 0 in /home/peter/Adathalom/public_html/minicms/plugins/gdpr/gdpr.php on line 20
[23-Jul-2018 14:57:23 Europe/Berlin] PHP Notice:  Undefined offset: 0 in /home/peter/Adathalom/public_html/minicms/plugins/gdpr/gdpr.php on line 20
[23-Jul-2018 14:57:24 Europe/Berlin] PHP Notice:  Undefined offset: 0 in /home/peter/Adathalom/public_html/minicms/plugins/gdpr/gdpr.php on line 20
[23-Jul-2018 14:57:24 Europe/Berlin] PHP Notice:  Undefined offset: 0 in /home/peter/Adathalom/public_html/minicms/plugins/gdpr/gdpr.php on line 20
[23-Jul-2018 14:57:24 Europe/Berlin] PHP Notice:  Undefined offset: 0 in /home/peter/Adathalom/public_html/minicms/plugins/gdpr/gdpr.php on line 20
[23-Jul-2018 14:57:55 Europe/Berlin] PHP Notice:  Undefined offset: 0 in /home/peter/Adathalom/public_html/minicms/plugins/gdpr/gdpr.php on line 20
[23-Jul-2018 14:57:55 Europe/Berlin] PHP Notice:  Undefined offset: 0 in /home/peter/Adathalom/public_html/minicms/plugins/gdpr/gdpr.php on line 22
[23-Jul-2018 14:57:56 Europe/Berlin] PHP Notice:  Undefined offset: 0 in /home/peter/Adathalom/public_html/minicms/plugins/gdpr/gdpr.php on line 20
[23-Jul-2018 14:57:56 Europe/Berlin] PHP Notice:  Undefined offset: 0 in /home/peter/Adathalom/public_html/minicms/plugins/gdpr/gdpr.php on line 22
[23-Jul-2018 14:57:56 Europe/Berlin] PHP Notice:  Undefined offset: 0 in /home/peter/Adathalom/public_html/minicms/plugins/gdpr/gdpr.php on line 20
[23-Jul-2018 14:57:56 Europe/Berlin] PHP Notice:  Undefined offset: 0 in /home/peter/Adathalom/public_html/minicms/plugins/gdpr/gdpr.php on line 22
[23-Jul-2018 14:57:56 Europe/Berlin] PHP Notice:  Undefined offset: 0 in /home/peter/Adathalom/public_html/minicms/plugins/gdpr/gdpr.php on line 20
[23-Jul-2018 14:57:56 Europe/Berlin] PHP Notice:  Undefined offset: 0 in /home/peter/Adathalom/public_html/minicms/plugins/gdpr/gdpr.php on line 22
[23-Jul-2018 14:57:57 Europe/Berlin] PHP Notice:  Undefined offset: 0 in /home/peter/Adathalom/public_html/minicms/plugins/gdpr/gdpr.php on line 20
[23-Jul-2018 14:57:57 Europe/Berlin] PHP Notice:  Undefined offset: 0 in /home/peter/Adathalom/public_html/minicms/plugins/gdpr/gdpr.php on line 22
[23-Jul-2018 14:57:57 Europe/Berlin] PHP Notice:  Undefined offset: 0 in /home/peter/Adathalom/public_html/minicms/plugins/gdpr/gdpr.php on line 20
[23-Jul-2018 14:57:57 Europe/Berlin] PHP Notice:  Undefined offset: 0 in /home/peter/Adathalom/public_html/minicms/plugins/gdpr/gdpr.php on line 22
[23-Jul-2018 14:57:57 Europe/Berlin] PHP Notice:  Undefined offset: 0 in /home/peter/Adathalom/public_html/minicms/plugins/gdpr/gdpr.php on line 20
[23-Jul-2018 14:57:57 Europe/Berlin] PHP Notice:  Undefined offset: 0 in /home/peter/Adathalom/public_html/minicms/plugins/gdpr/gdpr.php on line 22
[23-Jul-2018 14:57:57 Europe/Berlin] PHP Notice:  Undefined offset: 0 in /home/peter/Adathalom/public_html/minicms/plugins/gdpr/gdpr.php on line 20
[23-Jul-2018 14:57:57 Europe/Berlin] PHP Notice:  Undefined offset: 0 in /home/peter/Adathalom/public_html/minicms/plugins/gdpr/gdpr.php on line 22
[23-Jul-2018 14:57:57 Europe/Berlin] PHP Notice:  Undefined offset: 0 in /home/peter/Adathalom/public_html/minicms/plugins/gdpr/gdpr.php on line 20
[23-Jul-2018 14:57:57 Europe/Berlin] PHP Notice:  Undefined offset: 0 in /home/peter/Adathalom/public_html/minicms/plugins/gdpr/gdpr.php on line 22
[23-Jul-2018 14:58:17 Europe/Berlin] PHP Notice:  Undefined offset: 0 in /home/peter/Adathalom/public_html/minicms/plugins/gdpr/gdpr.php on line 20
[23-Jul-2018 14:58:18 Europe/Berlin] PHP Notice:  Undefined offset: 0 in /home/peter/Adathalom/public_html/minicms/plugins/gdpr/gdpr.php on line 20
[23-Jul-2018 14:58:18 Europe/Berlin] PHP Notice:  Undefined offset: 0 in /home/peter/Adathalom/public_html/minicms/plugins/gdpr/gdpr.php on line 20
[23-Jul-2018 14:58:58 Europe/Berlin] PHP Notice:  Undefined offset: 0 in /home/peter/Adathalom/public_html/minicms/plugins/gdpr/gdpr.php on line 20
[23-Jul-2018 14:58:59 Europe/Berlin] PHP Notice:  Undefined offset: 0 in /home/peter/Adathalom/public_html/minicms/plugins/gdpr/gdpr.php on line 20
[23-Jul-2018 14:58:59 Europe/Berlin] PHP Notice:  Undefined offset: 0 in /home/peter/Adathalom/public_html/minicms/plugins/gdpr/gdpr.php on line 20
[23-Jul-2018 15:29:22 Europe/Berlin] PHP Parse error:  syntax error, unexpected '=', expecting ',' or ';' in /home/peter/Adathalom/public_html/minicms/plugins/gdpr/gdpr.php on line 3
